100.05.13 20:26 B C:\Meem\Kalima.html --> home.freeuk.com /webspace Kalima.html
100.05.13 20:26 B C:\Meem\Kha.html --> home.freeuk.com /webspace Kha.html
100.05.13 20:26 B C:\Meem\Laam.html --> home.freeuk.com /webspace Laam.html
100.05.13 20:26 B C:\Meem\Laam2.html --> home.freeuk.com /webspace Laam2.html
100.05.13 20:26 B C:\Meem\Letter.html --> home.freeuk.com /webspace Letter.html
100.05.13 20:26 B C:\Meem\Meem.html --> home.freeuk.com /webspace Meem.html
100.05.13 20:26 B C:\Meem\Meem2.html --> home.freeuk.com /webspace Meem2.html
100.05.13 20:27 B C:\Meem\Meem3.html --> home.freeuk.com /webspace Meem3.html
100.05.13 20:27 B C:\Meem\Noon.html --> home.freeuk.com /webspace Noon.html
100.05.13 20:27 B C:\Meem\Puzzle1.html --> home.freeuk.com /webspace Puzzle1.html
100.05.13 20:27 B C:\Meem\Puzzle2.html --> home.freeuk.com /webspace Puzzle2.html
100.05.13 20:27 B C:\Meem\Puzzle3.html --> home.freeuk.com /webspace Puzzle3.html
100.05.13 20:27 B C:\Meem\Qaf.html --> home.freeuk.com /webspace Qaf.html
100.05.13 20:27 B C:\Meem\Ra.html --> home.freeuk.com /webspace Ra.html
100.05.13 20:27 B C:\Meem\Sa.html --> home.freeuk.com /webspace Sa.html
100.05.13 20:28 B C:\Meem\Saad.html --> home.freeuk.com /webspace Saad.html
100.05.13 20:28 B C:\Meem\Seen.html --> home.freeuk.com /webspace Seen.html
100.05.13 20:28 B C:\Meem\Sheen.html --> home.freeuk.com /webspace Sheen.html
100.05.13 20:28 B C:\Meem\Ta.html --> home.freeuk.com /webspace Ta.html
100.05.13 20:28 B C:\Meem\Toin.html --> home.freeuk.com /webspace Toin.html
100.05.13 20:28 B C:\Meem\Waw.html --> home.freeuk.com /webspace Waw.html
100.05.13 20:29 B C:\Meem\Ya.html --> home.freeuk.com /webspace Ya.html
100.05.13 20:29 B C:\Meem\Za.html --> home.freeuk.com /webspace Za.html
100.05.13 20:29 B C:\Meem\Zal.html --> home.freeuk.com /webspace Zal.html
100.05.13 20:29 B C:\Meem\Zoin.html --> home.freeuk.com /webspace Zoin.html
100.05.14 08:59 B C:\meem\index.html --> home.freeuk.com /webspace index.html
100.05.14 08:59 B C:\meem\Index.html --> home.freeuk.com /webspace Index.html
100.05.16 18:38 B C:\Meem\Index.html --> home.freeuk.com /webspace Index.html
100.05.16 18:38 B C:\Meem\index.html --> home.freeuk.com /webspace index.html
100.05.16 18:38 B C:\Meem\Salah.html --> home.freeuk.com /webspace Salah.html
100.05.18 17:52 B C:\Meem\Abdul_Qadir_ra.html --> home.freeuk.com /webspace Abdul_Qadir_ra.html
100.05.18 17:53 B C:\Meem\index.html --> home.freeuk.com /webspace index.html
100.05.18 17:53 B C:\Meem\Index.html --> home.freeuk.com /webspace Index.html
100.05.18 17:53 B C:\Meem\Messengers.html --> home.freeuk.com /webspace Messengers.html
100.05.18 17:53 B C:\Meem\Salah.html --> home.freeuk.com /webspace Salah.html
100.05.22 18:11 B c:\meem\Index.html --> home.freeuk.com /webspace Index.html
100.05.22 18:12 B c:\meem\index.html --> home.freeuk.com /webspace index.html
100.05.29 08:14 B C:\Meem\index.html --> home.freeuk.com /webspace index.html
100.05.29 08:15 B C:\Meem\Index.html --> home.freeuk.com /webspace Index.html
100.05.29 08:46 B C:\Meem\Index.html --> upload.virgin.net /docs Index.html
100.05.29 08:46 B C:\Meem\index.html --> upload.virgin.net /docs index.html
100.06.02 22:44 B C:\Meem\index.html --> home.freeuk.com /webspace index.html
100.06.02 22:44 B C:\Meem\Index.html --> home.freeuk.com /webspace Index.html
100.06.02 22:44 B C:\Meem\Taweez.html --> home.freeuk.com /webspace Taweez.html
100.06.03 20:57 B C:\meem\Taweez.html --> uploads.webspace.swinternet.net / Taweez.html
100.06.03 20:59 B C:\meem\Salah.html --> uploads.webspace.swinternet.net / Salah.html
100.06.03 21:00 B C:\meem\Index.html --> uploads.webspace.swinternet.net / Index.html
100.06.03 21:00 B C:\meem\index.html --> uploads.webspace.swinternet.net / index.html
100.06.09 23:12 B C:\Meem\Meem3.html --> uploads.webspace.swinternet.net / Meem3.html
100.06.09 23:16 B C:\Meem\Meem3.html --> uploads.webspace.swinternet.net /Images Meem3.html
100.06.09 23:16 B C:\Meem\Meem3.html --> uploads.webspace.swinternet.net / Meem3.html
100.06.09 23:19 B C:\Meem\index.html --> uploads.webspace.swinternet.net / index.html
100.06.09 23:19 B C:\Meem\Index.html --> uploads.webspace.swinternet.net / Index.html
100.06.09 23:20 B C:\Meem\Index.html --> uploads.webspace.swinternet.net / Index.html
100.06.09 23:20 B C:\Meem\index.html --> uploads.webspace.swinternet.net / index.html
100.06.09 23:28 B C:\Meem\Meem3.html --> home.freeuk.com /webspace Meem3.html
100.06.09 23:29 B C:\Meem\index.html --> home.freeuk.com /webspace index.html
100.06.09 23:29 B C:\Meem\Index.html --> home.freeuk.com /webspace Index.html
100.06.28 19:17 B C:\Meem\index.html --> upload.virgin.net /docs index.html
100.06.28 19:17 B C:\Meem\Index.html --> upload.virgin.net /docs Index.html
100.06.28 19:44 B c:\meem\Index.html --> uploads.webspace.swinternet.net / Index.html
100.06.28 19:44 B c:\meem\index.html --> uploads.webspace.swinternet.net / index.html
100.06.28 19:56 B c:\meem\index.html --> home.freeuk.com /webspace index.html
100.06.28 19:56 B c:\meem\Index.html --> home.freeuk.com /webspace Index.html
100.07.05 20:41 B c:\meem\Index.html --> home.freeuk.com /webspace Index.html
100.07.05 20:41 B c:\meem\index.html --> home.freeuk.com /webspace index.html
100.07.05 20:48 B c:\meem\index.html --> uploads.webspace.swinternet.net / index.html
100.07.05 20:48 B c:\meem\Index.html --> uploads.webspace.swinternet.net / Index.html
100.08.16 19:22 B C:\Meem\Intro.html --> uploads.webspace.swinternet.net / Intro.html
100.08.16 19:23 B C:\Meem\Saboor.html --> uploads.webspace.swinternet.net / Saboor.html
100.08.16 19:24 B C:\Meem\Intro.html --> uploads.webspace.swinternet.net / Intro.html
100.08.16 19:25 B C:\Meem\index.html --> uploads.webspace.swinternet.net / index.html
100.08.16 19:26 B C:\Meem\Index.html --> uploads.webspace.swinternet.net / Index.html
100.08.16 19:33 B C:\Meem\Intro.html --> home.freeuk.com /webspace Intro.html
100.08.16 19:33 B C:\Meem\Saboor.html --> home.freeuk.com /webspace Saboor.html
100.08.16 19:34 B C:\Meem\Index.html --> home.freeuk.com /webspace Index.html
100.08.16 19:34 B C:\Meem\index.html --> home.freeuk.com /webspace index.html
100.08.19 21:08 B C:\Meem\Kahf.html --> home.freeuk.com /webspace Kahf.html
100.08.19 21:11 B C:\Meem\Kahf.html --> home.freeuk.com /webspace Kahf.html
100.09.03 14:20 B C:\Meem\Rasheed.html --> home.freeuk.com /webspace Rasheed.html
100.09.03 14:23 B C:\Meem\index.html --> home.freeuk.com /webspace index.html
100.09.03 14:23 B C:\Meem\Index.html --> home.freeuk.com /webspace Index.html
100.09.03 14:25 B C:\Meem\Rasheed.html --> home.freeuk.com /webspace Rasheed.html
100.09.03 14:34 B C:\Meem\Index.html --> uploads.webspace.swinternet.net / Index.html
100.09.03 14:34 B C:\Meem\index.html --> uploads.webspace.swinternet.net / index.html
100.09.03 14:34 B C:\Meem\Rasheed.html --> uploads.webspace.swinternet.net / Rasheed.html
100.09.12 21:11 B C:\Meem\Waris.html --> uploads.webspace.swinternet.net / Waris.html
100.09.12 21:13 B C:\Meem\index.html --> uploads.webspace.swinternet.net / index.html
100.09.12 21:13 B C:\Meem\Index.html --> uploads.webspace.swinternet.net / Index.html
100.09.12 21:25 B C:\Meem\Waris.html --> home.freeuk.com /webspace/Images Waris.html
100.09.12 21:26 B C:\Meem\Waris.html --> home.freeuk.com /webspace Waris.html
100.09.12 21:27 B C:\Meem\Waris.html --> home.freeuk.com /webspace Waris.html
100.09.12 21:28 B C:\Meem\Index.html --> home.freeuk.com /webspace Index.html
100.09.12 21:28 B C:\Meem\index.html --> home.freeuk.com /webspace index.html
100.09.19 18:49 B C:\Meem\Baqee.html --> uploads.webspace.swinternet.net / Baqee.html
100.09.19 18:50 B C:\Meem\Baqee.html --> uploads.webspace.swinternet.net / Baqee.html
100.09.19 18:51 B C:\Meem\index.html --> uploads.webspace.swinternet.net / index.html
100.09.19 18:51 B C:\Meem\Index.html --> uploads.webspace.swinternet.net / Index.html
100.09.19 18:51 B C:\Meem\Intro.html --> uploads.webspace.swinternet.net / Intro.html
100.09.19 18:55 B C:\Meem\Baqee.html --> home.freeuk.com /webspace Baqee.html
100.09.19 18:55 B C:\Meem\Intro.html --> home.freeuk.com /webspace Intro.html
100.09.19 18:57 B C:\Meem\Index.html --> home.freeuk.com /webspace Index.html
100.09.19 18:57 B C:\Meem\index.html --> home.freeuk.com /webspace index.html
100.09.19 19:00 B C:\Meem\Baqee.html --> home.freeuk.com /webspace Baqee.html
100.09.19 19:05 B C:\Meem\Baqee.html --> uploads.webspace.swinternet.net / Baqee.html
100.09.26 18:06 B C:\Meem\Ayn.html --> uploads.webspace.swinternet.net / Ayn.html
100.09.26 18:07 B C:\Meem\Dhwad.html --> uploads.webspace.swinternet.net / Dhwad.html
100.09.26 18:07 B C:\Meem\Fa.html --> uploads.webspace.swinternet.net / Fa.html
100.09.26 18:07 B C:\Meem\Ghayn.html --> uploads.webspace.swinternet.net / Ghayn.html
100.09.26 18:07 B C:\Meem\Kha.html --> uploads.webspace.swinternet.net / Kha.html
100.09.26 18:07 B C:\Meem\Qaf.html --> uploads.webspace.swinternet.net / Qaf.html
100.09.26 18:07 B C:\Meem\Ra.html --> uploads.webspace.swinternet.net / Ra.html
100.09.26 18:07 B C:\Meem\Sa.html --> uploads.webspace.swinternet.net / Sa.html
100.09.26 18:07 B C:\Meem\Saad.html --> uploads.webspace.swinternet.net / Saad.html
100.09.26 18:07 B C:\Meem\Sheen.html --> uploads.webspace.swinternet.net / Sheen.html
100.09.26 18:07 B C:\Meem\Ta.html --> uploads.webspace.swinternet.net / Ta.html
100.09.26 18:08 B C:\Meem\Zal.html --> uploads.webspace.swinternet.net / Zal.html
100.09.26 18:08 B C:\Meem\Zoin.html --> uploads.webspace.swinternet.net / Zoin.html
100.09.26 18:09 B C:\Meem\Ta.html --> uploads.webspace.swinternet.net / Ta.html
100.09.26 18:09 B C:\Meem\Seen.html --> uploads.webspace.swinternet.net / Seen.html
100.10.01 19:27 B C:\Meem\Badee.html --> uploads.webspace.swinternet.net / Badee.html
100.10.01 19:28 B C:\Meem\index.html --> uploads.webspace.swinternet.net / index.html
100.10.01 19:29 B C:\Meem\Index.html --> uploads.webspace.swinternet.net / Index.html
100.10.01 19:37 B C:\Meem\Badee.html --> home.freeuk.com /webspace Badee.html
100.10.01 19:37 B C:\Meem\Index.html --> home.freeuk.com /webspace Index.html
100.10.01 19:37 B C:\Meem\index.html --> home.freeuk.com /webspace index.html
100.10.14 16:07 B C:\Meem\Hadee.html --> home.freeuk.com /webspace Hadee.html
100.10.14 16:12 B C:\Meem\index.html --> home.freeuk.com /webspace index.html
100.10.14 16:12 B C:\Meem\Index.html --> home.freeuk.com /webspace Index.html
100.10.14 16:17 B C:\Meem\Index.html --> uploads.webspace.swinternet.net / Index.html
100.10.14 16:17 B C:\Meem\Hadee.html --> uploads.webspace.swinternet.net / Hadee.html
100.10.14 16:17 B C:\Meem\index.html --> uploads.webspace.swinternet.net / index.html
100.10.14 16:21 B C:\Meem\Hadee.html --> uploads.webspace.swinternet.net / Hadee.html
100.10.27 22:40 B C:\Meem\Noor.html --> uploads.webspace.swinternet.net / Noor.html
100.10.27 22:41 B C:\Meem\index.html --> uploads.webspace.swinternet.net / index.html
100.10.27 22:42 B C:\Meem\Index.html --> uploads.webspace.swinternet.net / Index.html
100.10.27 22:44 B C:\Meem\Noor.html --> home.freeuk.com /webspace Noor.html
100.10.27 22:45 B C:\Meem\Index.html --> home.freeuk.com /webspace Index.html
100.10.27 22:45 B C:\Meem\index.html --> home.freeuk.com /webspace index.html
100.10.27 22:47 B C:\Meem\index.html --> home.freeuk.com /webspace index.html
100.11.10 18:56 B C:\Meem\Nafee.html --> home.freeuk.com /webspace Nafee.html
100.11.10 19:00 B C:\Meem\Nafee.html --> home.freeuk.com /webspace Nafee.html
100.11.10 19:04 B C:\Meem\index.html --> home.freeuk.com /webspace index.html
100.11.10 19:05 B C:\Meem\Index.html --> home.freeuk.com /webspace Index.html
100.11.10 19:56 B C:\Meem\Nafee.html --> uploads.webspace.swinternet.net / Nafee.html
100.11.10 19:58 B C:\Meem\Index.html --> uploads.webspace.swinternet.net / Index.html
100.11.10 19:58 B C:\Meem\index.html --> uploads.webspace.swinternet.net / index.html
100.11.10 19:59 B C:\Meem\index.html --> uploads.webspace.swinternet.net / index.html
100.11.26 17:53 B C:\Meem\Dhaar.html --> uploads.webspace.swinternet.net / Dhaar.html
100.11.26 17:54 B C:\Meem\Noor.html --> uploads.webspace.swinternet.net / Noor.html
100.11.26 17:54 B C:\Meem\index.html --> uploads.webspace.swinternet.net / index.html
100.11.26 17:55 B C:\Meem\Index.html --> uploads.webspace.swinternet.net / Index.html
100.11.26 17:57 B C:\Meem\Dhaar.html --> uploads.webspace.swinternet.net / Dhaar.html
100.11.26 18:01 B C:\Meem\Noor.html --> home.freeuk.com /webspace Noor.html
100.11.26 18:01 B C:\Meem\Index.html --> home.freeuk.com /webspace Index.html
100.11.26 18:01 B C:\Meem\Dhaar.html --> home.freeuk.com /webspace Dhaar.html
100.11.26 18:02 B C:\Meem\index.html --> home.freeuk.com /webspace index.html
100.12.08 18:10 B C:\Meem\index.html --> upload.virgin.net /docs index.html
100.12.08 18:32 B C:\Meem\Abjad.html --> upload.virgin.net /docs/Images Abjad.html
100.12.08 18:32 B C:\Meem\Alif.html --> upload.virgin.net /docs/Images Alif.html
100.12.08 18:33 B C:\Meem\Abjad.html --> upload.virgin.net /docs Abjad.html
100.12.08 18:33 B C:\Meem\Alif.html --> upload.virgin.net /docs Alif.html
100.12.08 18:33 B C:\Meem\Ayn.html --> upload.virgin.net /docs Ayn.html
100.12.08 18:34 B C:\Meem\Ba.html --> upload.virgin.net /docs Ba.html
100.12.08 18:34 B C:\Meem\Dal.html --> upload.virgin.net /docs Dal.html
100.12.08 18:34 B C:\Meem\Dhaar.html --> upload.virgin.net /docs Dhaar.html
100.12.08 18:34 B C:\Meem\Dhwad.html --> upload.virgin.net /docs Dhwad.html
100.12.08 18:34 B C:\Meem\Fa.html --> upload.virgin.net /docs Fa.html
100.12.08 18:34 B C:\Meem\Ghayn.html --> upload.virgin.net /docs Ghayn.html
100.12.08 18:34 B C:\Meem\Ha.html --> upload.virgin.net /docs Ha.html
100.12.08 18:35 B C:\Meem\1000Ghayn.html --> upload.virgin.net /docs 1000Ghayn.html
100.12.08 18:35 B C:\Meem\100Qaf.html --> upload.virgin.net /docs 100Qaf.html
100.12.08 18:35 B C:\Meem\200Ra.html --> upload.virgin.net /docs 200Ra.html
100.12.08 18:35 B C:\Meem\300Sheen.html --> upload.virgin.net /docs 300Sheen.html
100.12.08 18:35 B C:\Meem\400Ta.html --> upload.virgin.net /docs 400Ta.html
100.12.08 18:36 B C:\Meem\500Sa.html --> upload.virgin.net /docs 500Sa.html
100.12.08 18:36 B C:\Meem\600Kha.html --> upload.virgin.net /docs 600Kha.html
100.12.08 18:36 B C:\Meem\60Seen.html --> upload.virgin.net /docs 60Seen.html
100.12.08 18:36 B C:\Meem\700Zal.html --> upload.virgin.net /docs 700Zal.html
100.12.08 18:36 B C:\Meem\70Ayn.html --> upload.virgin.net /docs 70Ayn.html
100.12.08 18:36 B C:\Meem\800Dhwad.html --> upload.virgin.net /docs 800Dhwad.html
100.12.08 18:36 B C:\Meem\80Fa.html --> upload.virgin.net /docs 80Fa.html
100.12.08 18:36 B C:\Meem\900Zoin.html --> upload.virgin.net /docs 900Zoin.html
100.12.08 18:36 B C:\Meem\90Saad.html --> upload.virgin.net /docs 90Saad.html
100.12.09 17:36 B C:\Meem\Ch18_55.gif --> uploads.webspace.swinternet.net /Images Ch18_55.gif
100.12.09 17:37 B C:\Meem\index.html --> uploads.webspace.swinternet.net / index.html
100.12.09 17:38 B C:\Meem\Index.html --> uploads.webspace.swinternet.net / Index.html
100.12.09 17:38 B C:\Meem\Manee.html --> uploads.webspace.swinternet.net / Manee.html
100.12.09 17:42 B C:\Meem\Manee.html --> uploads.webspace.swinternet.net / Manee.html
100.12.09 17:46 B C:\Meem\Manee.html --> home.freeuk.com /webspace Manee.html
100.12.09 17:46 B C:\Meem\Index.html --> home.freeuk.com /webspace Index.html
100.12.09 17:47 B C:\Meem\index.html --> home.freeuk.com /webspace index.html
100.12.14 19:52 B C:\Meem\index.html --> home.freeuk.com /webspace index.html
100.12.14 19:52 B C:\Meem\Index.html --> home.freeuk.com /webspace Index.html
100.12.14 19:58 B C:\Meem\Index.html --> uploads.webspace.swinternet.net / Index.html
100.12.14 19:58 B C:\Meem\index.html --> uploads.webspace.swinternet.net / index.html
100.12.14 20:27 B C:\Meem\index.html --> upload.virgin.net /docs index.html
100.12.21 18:08 B C:\Meem\Mughnee.html --> uploads.webspace.swinternet.net / Mughnee.html
100.12.21 18:09 B C:\Meem\index.html --> uploads.webspace.swinternet.net / index.html
100.12.21 18:09 B C:\Meem\Index.html --> uploads.webspace.swinternet.net / Index.html
100.12.21 18:33 B C:\Meem\Mughnee.html --> home.freeuk.com /webspace Mughnee.html
100.12.21 18:35 B C:\Meem\Mughnee.html --> home.freeuk.com /webspace Mughnee.html
100.12.21 18:36 B C:\Meem\Index.html --> home.freeuk.com /webspace Index.html
100.12.21 18:36 B C:\Meem\index.html --> home.freeuk.com /webspace index.html
101.01.11 19:24 B C:\Meem\Ghanee.html --> home.freeuk.com /webspace Ghanee.html
101.01.11 19:25 B C:\Meem\index.html --> home.freeuk.com /webspace index.html
101.01.11 19:26 B C:\Meem\Index.html --> home.freeuk.com /webspace Index.html
101.01.11 19:33 B C:\Meem\Ghanee.html --> uploads.webspace.swinternet.net /Images Ghanee.html
101.01.11 19:33 B C:\Meem\Ghanee.html --> uploads.webspace.swinternet.net / Ghanee.html
101.01.11 19:33 B C:\Meem\Index.html --> uploads.webspace.swinternet.net / Index.html
101.01.11 19:34 B C:\Meem\index.html --> uploads.webspace.swinternet.net / index.html
101.01.11 19:35 B C:\Meem\index.html --> uploads.webspace.swinternet.net / index.html
101.01.11 19:36 B C:\Meem\Index.html --> uploads.webspace.swinternet.net / Index.html
101.01.31 20:54 B C:\Meem\Salawat.html --> uploads.webspace.swinternet.net / Salawat.html
101.01.31 20:56 B C:\Meem\Index.html --> uploads.webspace.swinternet.net / Index.html
101.01.31 20:56 B C:\Meem\index.html --> uploads.webspace.swinternet.net / index.html
101.01.31 21:23 B C:\Meem\Salawat.html --> home.freeuk.com /webspace Salawat.html
101.01.31 21:23 B C:\Meem\index.html --> home.freeuk.com /webspace index.html
101.01.31 21:23 B C:\Meem\index.html --> home.freeuk.com /webspace index.html
101.01.31 21:23 B C:\Meem\Index.html --> home.freeuk.com /webspace Index.html
101.02.10 18:30 B C:\Meem\Jamee.html --> home.freeuk.com /webspace Jamee.html
101.02.10 18:33 B C:\Meem\index.html --> home.freeuk.com /webspace index.html
101.02.10 18:39 B C:\Meem\Jamee.html --> uploads.webspace.swinternet.net / Jamee.html
101.02.10 18:40 B C:\Meem\index.html --> uploads.webspace.swinternet.net / index.html
101.02.10 18:40 B C:\Meem\Index.html --> uploads.webspace.swinternet.net / Index.html
101.02.25 10:28 B C:\Meem\Za.html --> uploads.webspace.swinternet.net / Za.html
101.02.25 10:29 B C:\Meem\Muqsit.html --> uploads.webspace.swinternet.net / Muqsit.html
101.02.25 10:31 B C:\Meem\index.html --> uploads.webspace.swinternet.net / index.html
101.02.25 10:31 B C:\Meem\Index.html --> uploads.webspace.swinternet.net / Index.html
101.02.25 10:37 B C:\Meem\Index.html --> home.freeuk.com /webspace Index.html
101.02.25 10:37 B C:\Meem\index.html --> home.freeuk.com /webspace index.html
101.02.25 10:37 B C:\Meem\Muqsit.html --> home.freeuk.com /webspace Muqsit.html
101.02.25 10:38 B C:\Meem\Za.html --> home.freeuk.com /webspace Za.html
101.03.05 16:29 B C:\Meem\Meem3.html --> home.freeuk.com /webspace Meem3.html
101.03.05 16:30 B C:\Meem\Meem3.html --> home.freeuk.com /webspace Meem3.html
101.03.05 16:35 B C:\Meem\Meem3.html --> uploads.webspace.swinternet.net / Meem3.html
101.03.05 16:44 B C:\Meem\Index_old.html --> uploads.webspace.freeserve.net / Index_old.html
101.03.05 16:45 B C:\Meem\Index_old.html --> uploads.webspace.freeserve.net / Index_old.html
101.03.05 16:46 B C:\Meem\Index_old.html --> uploads.webspace.freeserve.net / Index_old.html
101.03.16 21:40 B C:\Meem\Zul_Jalal.html --> uploads.webspace.swinternet.net / Zul_Jalal.html
101.03.16 21:41 B C:\Meem\Zul_Jalal.html --> uploads.webspace.swinternet.net / Zul_Jalal.html
101.03.16 21:41 B C:\Meem\index.html --> uploads.webspace.swinternet.net / index.html
101.03.16 21:41 B C:\Meem\Index.html --> uploads.webspace.swinternet.net / Index.html
101.03.16 21:53 B C:\Meem\Zul_Jalal.html --> home.freeuk.com /webspace Zul_Jalal.html
101.03.16 21:54 B C:\Meem\Index.html --> home.freeuk.com /webspace Index.html
101.03.16 21:54 B C:\Meem\index.html --> home.freeuk.com /webspace index.html
101.04.01 10:22 B C:\Meem\Malik_ul_Mulk.html --> home.freeuk.com /webspace Malik_ul_Mulk.html
101.04.01 10:22 B C:\Meem\index.html --> home.freeuk.com /webspace index.html
101.04.01 10:23 B C:\Meem\Index.html --> home.freeuk.com /webspace Index.html
101.04.01 10:25 B C:\Meem\Index.html --> home.freeuk.com /webspace Index.html
101.04.01 10:25 B C:\Meem\index.html --> home.freeuk.com /webspace index.html
101.04.01 10:32 B C:\Meem\index.html --> uploads.webspace.swinternet.net / index.html
101.04.01 10:32 B C:\Meem\Index.html --> uploads.webspace.swinternet.net / Index.html
101.04.01 10:33 B C:\Meem\Malik_ul_Mulk.html --> uploads.webspace.swinternet.net / Malik_ul_Mulk.html
2002.05.23 22:26 B D:\Meem_C_Drv\Index.html --> uploads.webspace.swinternet.net / Index.html
2002.05.23 22:27 B D:\Meem_C_Drv\index.html --> uploads.webspace.swinternet.net / index.html
2002.05.23 22:36 B D:\Meem_C_Drv\index.html --> home.freeuk.com /webspace index.html
2002.05.23 22:36 B D:\Meem_C_Drv\Hameed.html --> home.freeuk.com /webspace Hameed.html
2002.05.23 22:36 B D:\Meem_C_Drv\Hameed.html --> home.freeuk.com /webspace Hameed.html
2002.05.23 22:36 B D:\Meem_C_Drv\Index.html --> home.freeuk.com /webspace Index.html
2002.05.23 22:37 B D:\Meem_C_Drv\index.html --> home.freeuk.com /webspace index.html
2002.05.23 22:41 B D:\Meem_C_Drv\index.html --> home.freeuk.com /webspace index.html
2002.05.23 22:42 B D:\Meem_C_Drv\index.html --> home.freeuk.com /webspace index.html
2002.05.23 22:43 B D:\Meem_C_Drv\Index.html --> home.freeuk.com /webspace Index.html
2002.06.16 17:14 B D:\Meem_C_Drv\Walee.html --> home.freeuk.com /webspace Walee.html
2002.06.16 17:14 B D:\Meem_C_Drv\Index.html --> home.freeuk.com /webspace Index.html
2002.06.16 17:15 B D:\Meem_C_Drv\index.html --> home.freeuk.com /webspace index.html
2002.06.16 17:25 B D:\Meem_C_Drv\index.html --> uploads.webspace.swinternet.net / index.html
2002.06.16 17:26 B D:\Meem_C_Drv\Index.html --> uploads.webspace.swinternet.net / Index.html
2002.06.17 07:05 B D:\Meem_C_Drv\Walee.html --> home.freeuk.com /webspace Walee.html
2002.07.21 08:25 B D:\Meem_C_Drv\Index.html --> home.freeuk.com /webspace Index.html
2002.07.21 08:25 B D:\Meem_C_Drv\Mateen.html --> home.freeuk.com /webspace Mateen.html
2002.07.21 08:26 B D:\Meem_C_Drv\index.html --> home.freeuk.com /webspace index.html
2002.07.21 08:40 B D:\Meem_C_Drv\index.html --> uploads.webspace.swinternet.net / index.html
2002.07.21 08:40 B D:\Meem_C_Drv\Index.html --> uploads.webspace.swinternet.net / Index.html
2002.08.11 18:33 B D:\Meem_C_Drv\Qawee.html --> uploads.webspace.swinternet.net / Qawee.html
2002.08.11 18:33 B D:\Meem_C_Drv\Index.html --> uploads.webspace.swinternet.net / Index.html
2002.08.11 18:34 B D:\Meem_C_Drv\index.html --> uploads.webspace.swinternet.net / index.html
2002.08.11 18:35 B D:\Meem_C_Drv\Qawee.html --> uploads.webspace.swinternet.net / Qawee.html
2002.08.11 18:41 B D:\Meem_C_Drv\Qawee.html --> home.freeuk.com /webspace Qawee.html
2002.08.11 18:42 B D:\Meem_C_Drv\index.html --> home.freeuk.com /webspace index.html
2002.08.11 18:42 B D:\Meem_C_Drv\Index.html --> home.freeuk.com /webspace Index.html
