100.08.16 19:20 B C:\Meem\Resources\AsSaboor.gif --> uploads.webspace.swinternet.net /Images AsSaboor.gif
100.08.16 19:20 B C:\Meem\Resources\Ch18_67.gif --> uploads.webspace.swinternet.net /Images Ch18_67.gif
100.08.16 19:21 B C:\Meem\Resources\Ch20_25_8.gif --> uploads.webspace.swinternet.net /Images Ch20_25_8.gif
100.08.19 21:08 B C:\Meem\Resources\Image1.gif --> home.freeuk.com /webspace/Resources Image1.gif
100.09.03 14:19 B C:\Meem\Resources\Ch18_10.gif --> home.freeuk.com /webspace/Images Ch18_10.gif
100.09.03 14:20 B C:\Meem\Resources\Ch18_23_.gif --> home.freeuk.com /webspace/Images Ch18_23_.gif
100.09.03 14:20 B C:\Meem\Resources\Rasheed.gif --> home.freeuk.com /webspace/Images Rasheed.gif
100.09.12 21:10 B C:\Meem\Resources\AlWaris.gif --> uploads.webspace.swinternet.net /Images AlWaris.gif
100.09.12 21:11 B C:\Meem\Resources\Ch15_23.gif --> uploads.webspace.swinternet.net /Images Ch15_23.gif
100.09.12 21:11 B C:\Meem\Resources\Ch19_89.gif --> uploads.webspace.swinternet.net /Images Ch19_89.gif
100.09.19 18:48 B C:\Meem\Resources\AlBaqee.gif --> uploads.webspace.swinternet.net /Images AlBaqee.gif
100.09.19 18:48 B C:\Meem\Resources\Ch14_40_.gif --> uploads.webspace.swinternet.net /Images Ch14_40_.gif
100.09.19 18:49 B C:\Meem\Resources\Ch19_76.gif --> uploads.webspace.swinternet.net /Images Ch19_76.gif
100.09.19 18:49 B C:\Meem\Resources\Ch43_26_.gif --> uploads.webspace.swinternet.net /Images Ch43_26_.gif
100.10.01 19:27 B C:\Meem\Resources\Badee.gif --> uploads.webspace.swinternet.net /Images Badee.gif
100.10.01 19:27 B C:\Meem\Resources\Ch2_117.gif --> uploads.webspace.swinternet.net /Images Ch2_117.gif
100.10.01 19:27 B C:\Meem\Resources\Ch6_101.gif --> uploads.webspace.swinternet.net /Images Ch6_101.gif
100.10.14 16:06 B C:\Meem\Resources\AlHadee.gif --> home.freeuk.com /webspace/Images AlHadee.gif
100.10.14 16:06 B C:\Meem\Resources\Ch42_52_.gif --> home.freeuk.com /webspace/Images Ch42_52_.gif
100.10.14 16:06 B C:\Meem\Resources\Ch_39_36_.gif --> home.freeuk.com /webspace/Images Ch_39_36_.gif
100.11.10 18:54 B C:\Meem\Resources\AnNafee.gif --> home.freeuk.com /webspace/Images AnNafee.gif
100.11.10 18:55 B C:\Meem\Resources\Ch10_96_.gif --> home.freeuk.com /webspace/Images Ch10_96_.gif
100.11.10 18:55 B C:\Meem\Resources\Ch13_16.gif --> home.freeuk.com /webspace/Images Ch13_16.gif
100.11.26 17:52 B C:\Meem\Resources\Ch16_52_.gif --> uploads.webspace.swinternet.net /Images Ch16_52_.gif
100.11.26 17:52 B C:\Meem\Resources\Ch21_83.gif --> uploads.webspace.swinternet.net /Images Ch21_83.gif
100.11.26 17:52 B C:\Meem\Resources\Dhaar.gif --> uploads.webspace.swinternet.net /Images Dhaar.gif
100.12.09 17:36 B C:\Meem\Resources\AlManee.gif --> uploads.webspace.swinternet.net /Images AlManee.gif
100.12.21 18:06 B C:\Meem\Resources\AlMughnee.gif --> uploads.webspace.swinternet.net /Images AlMughnee.gif
100.12.21 18:07 B C:\Meem\Resources\Ch24_32.gif --> uploads.webspace.swinternet.net /Images Ch24_32.gif
100.12.21 18:07 B C:\Meem\Resources\Ch9_28.gif --> uploads.webspace.swinternet.net /Images Ch9_28.gif
101.01.11 19:22 B C:\Meem\Resources\AlGhanee.gif --> home.freeuk.com /webspace/Images AlGhanee.gif
101.01.11 19:23 B C:\Meem\Resources\Ch22_64_.gif --> home.freeuk.com /webspace/Images Ch22_64_.gif
101.01.11 19:23 B C:\Meem\Resources\Ch29_5_.gif --> home.freeuk.com /webspace/Images Ch29_5_.gif
