100.01.02 10:28 B C:\Meem\Images\BluAlif.gif --> uploads.webspace.swinternet.net /Images BluAlif.gif
100.01.02 10:28 B C:\Meem\Images\BluAyn.gif --> uploads.webspace.swinternet.net /Images BluAyn.gif
100.01.02 10:28 B C:\Meem\Images\BluBa.gif --> uploads.webspace.swinternet.net /Images BluBa.gif
100.01.02 10:28 B C:\Meem\Images\BluDal.gif --> uploads.webspace.swinternet.net /Images BluDal.gif
100.01.02 10:28 B C:\Meem\Images\BluDhwad.gif --> uploads.webspace.swinternet.net /Images BluDhwad.gif
100.01.02 10:28 B C:\Meem\Images\BluFa.gif --> uploads.webspace.swinternet.net /Images BluFa.gif
100.01.02 10:28 B C:\Meem\Images\BluGhayn.gif --> uploads.webspace.swinternet.net /Images BluGhayn.gif
100.01.02 10:28 B C:\Meem\Images\BluHa.gif --> uploads.webspace.swinternet.net /Images BluHa.gif
100.01.02 10:28 B C:\Meem\Images\BluHaa.gif --> uploads.webspace.swinternet.net /Images BluHaa.gif
100.01.02 10:28 B C:\Meem\Images\BluJeem.gif --> uploads.webspace.swinternet.net /Images BluJeem.gif
100.01.02 10:28 B C:\Meem\Images\BluKaaf.gif --> uploads.webspace.swinternet.net /Images BluKaaf.gif
100.01.02 10:28 B C:\Meem\Images\BluKha.gif --> uploads.webspace.swinternet.net /Images BluKha.gif
100.01.02 10:28 B C:\Meem\Images\BluLaam.gif --> uploads.webspace.swinternet.net /Images BluLaam.gif
100.01.02 10:28 B C:\Meem\Images\BluMeem.gif --> uploads.webspace.swinternet.net /Images BluMeem.gif
100.01.02 10:28 B C:\Meem\Images\BluNoon.gif --> uploads.webspace.swinternet.net /Images BluNoon.gif
100.01.02 10:28 B C:\Meem\Images\BluQaf.gif --> uploads.webspace.swinternet.net /Images BluQaf.gif
100.01.02 10:28 B C:\Meem\Images\BluRa.gif --> uploads.webspace.swinternet.net /Images BluRa.gif
100.01.02 10:29 B C:\Meem\Images\BluSa.gif --> uploads.webspace.swinternet.net /Images BluSa.gif
100.01.02 10:29 B C:\Meem\Images\BluSaad.gif --> uploads.webspace.swinternet.net /Images BluSaad.gif
100.01.02 10:29 B C:\Meem\Images\BluSeen.gif --> uploads.webspace.swinternet.net /Images BluSeen.gif
100.01.02 10:29 B C:\Meem\Images\BluSheen.gif --> uploads.webspace.swinternet.net /Images BluSheen.gif
100.01.02 10:29 B C:\Meem\Images\BluTa.gif --> uploads.webspace.swinternet.net /Images BluTa.gif
100.01.02 10:29 B C:\Meem\Images\BluToin.gif --> uploads.webspace.swinternet.net /Images BluToin.gif
100.01.02 10:29 B C:\Meem\Images\BluWaw.gif --> uploads.webspace.swinternet.net /Images BluWaw.gif
100.01.02 10:29 B C:\Meem\Images\BluYa.gif --> uploads.webspace.swinternet.net /Images BluYa.gif
100.01.02 10:29 B C:\Meem\Images\BluZa.gif --> uploads.webspace.swinternet.net /Images BluZa.gif
100.01.02 10:29 B C:\Meem\Images\BluZal.gif --> uploads.webspace.swinternet.net /Images BluZal.gif
100.01.02 10:29 B C:\Meem\Images\BluZoin.gif --> uploads.webspace.swinternet.net /Images BluZoin.gif
100.01.02 10:29 B C:\Meem\Images\BsmAllah.gif --> uploads.webspace.swinternet.net /Images BsmAllah.gif
100.01.02 10:33 B C:\Meem\Images\Meem3.gif --> uploads.webspace.swinternet.net /Images Meem3.gif
100.01.02 10:33 B C:\Meem\Images\MYM_Meem.gif --> uploads.webspace.swinternet.net /Images MYM_Meem.gif
100.01.02 10:34 B C:\Meem\Images\Nabiletr.gif --> uploads.webspace.swinternet.net /Images Nabiletr.gif
100.01.02 10:35 B C:\Meem\Images\Openbsma.gif --> uploads.webspace.swinternet.net /Images Openbsma.gif
100.01.02 10:35 B C:\Meem\Images\Umee.gif --> uploads.webspace.swinternet.net /Images Umee.gif
100.01.02 10:43 B C:\Meem\Images\Tahlil1.gif --> uploads.webspace.swinternet.net /Images Tahlil1.gif
100.05.13 20:30 B C:\Meem\Images\1.gif --> home.freeuk.com /webspace/Images 1.gif
100.05.13 20:30 B C:\Meem\Images\10.gif --> home.freeuk.com /webspace/Images 10.gif
100.05.13 20:30 B C:\Meem\Images\100.gif --> home.freeuk.com /webspace/Images 100.gif
100.05.13 20:30 B C:\Meem\Images\1000.gif --> home.freeuk.com /webspace/Images 1000.gif
100.05.13 20:30 B C:\Meem\Images\2.gif --> home.freeuk.com /webspace/Images 2.gif
100.05.13 20:30 B C:\Meem\Images\20.gif --> home.freeuk.com /webspace/Images 20.gif
100.05.13 20:30 B C:\Meem\Images\200.gif --> home.freeuk.com /webspace/Images 200.gif
100.05.13 20:30 B C:\Meem\Images\3.gif --> home.freeuk.com /webspace/Images 3.gif
100.05.13 20:30 B C:\Meem\Images\30.gif --> home.freeuk.com /webspace/Images 30.gif
100.05.13 20:30 B C:\Meem\Images\300.gif --> home.freeuk.com /webspace/Images 300.gif
100.05.13 20:30 B C:\Meem\Images\4.gif --> home.freeuk.com /webspace/Images 4.gif
100.05.13 20:30 B C:\Meem\Images\40.gif --> home.freeuk.com /webspace/Images 40.gif
100.05.13 20:30 B C:\Meem\Images\400.gif --> home.freeuk.com /webspace/Images 400.gif
100.05.13 20:30 B C:\Meem\Images\4xYa.gif --> home.freeuk.com /webspace/Images 4xYa.gif
100.05.13 20:30 B C:\Meem\Images\5.gif --> home.freeuk.com /webspace/Images 5.gif
100.05.13 20:30 B C:\Meem\Images\50.gif --> home.freeuk.com /webspace/Images 50.gif
100.05.13 20:30 B C:\Meem\Images\500.gif --> home.freeuk.com /webspace/Images 500.gif
100.05.13 20:30 B C:\Meem\Images\6.gif --> home.freeuk.com /webspace/Images 6.gif
100.05.13 20:30 B C:\Meem\Images\60.gif --> home.freeuk.com /webspace/Images 60.gif
100.05.13 20:31 B C:\Meem\Images\600.gif --> home.freeuk.com /webspace/Images 600.gif
100.05.13 20:31 B C:\Meem\Images\7.gif --> home.freeuk.com /webspace/Images 7.gif
100.05.13 20:31 B C:\Meem\Images\70.gif --> home.freeuk.com /webspace/Images 70.gif
100.05.13 20:31 B C:\Meem\Images\700.gif --> home.freeuk.com /webspace/Images 700.gif
100.05.13 20:31 B C:\Meem\Images\8.gif --> home.freeuk.com /webspace/Images 8.gif
100.05.13 20:31 B C:\Meem\Images\80.gif --> home.freeuk.com /webspace/Images 80.gif
100.05.13 20:31 B C:\Meem\Images\800.gif --> home.freeuk.com /webspace/Images 800.gif
100.05.13 20:31 B C:\Meem\Images\9.gif --> home.freeuk.com /webspace/Images 9.gif
100.05.13 20:31 B C:\Meem\Images\90.gif --> home.freeuk.com /webspace/Images 90.gif
100.05.13 20:31 B C:\Meem\Images\900.gif --> home.freeuk.com /webspace/Images 900.gif
100.05.13 20:31 B C:\Meem\Images\Aazab.gif --> home.freeuk.com /webspace/Images Aazab.gif
100.05.13 20:31 B C:\Meem\Images\Adam.gif --> home.freeuk.com /webspace/Images Adam.gif
100.05.13 20:31 B C:\Meem\Images\AdDhar.gif --> home.freeuk.com /webspace/Images AdDhar.gif
100.05.13 20:31 B C:\Meem\Images\Ahad.gif --> home.freeuk.com /webspace/Images Ahad.gif
100.05.13 20:31 B C:\Meem\Images\Ahmad.gif --> home.freeuk.com /webspace/Images Ahmad.gif
100.05.13 20:31 B C:\Meem\Images\Akhir.gif --> home.freeuk.com /webspace/Images Akhir.gif
100.05.13 20:31 B C:\Meem\Images\Alaq.gif --> home.freeuk.com /webspace/Images Alaq.gif
100.05.13 20:31 B C:\Meem\Images\Alastu.gif --> home.freeuk.com /webspace/Images Alastu.gif
100.05.13 20:31 B C:\Meem\Images\Allah.gif --> home.freeuk.com /webspace/Images Allah.gif
100.05.13 20:31 B C:\Meem\Images\Allah1.gif --> home.freeuk.com /webspace/Images Allah1.gif
100.05.13 20:31 B C:\Meem\Images\Allahuma.gif --> home.freeuk.com /webspace/Images Allahuma.gif
100.05.13 20:31 B C:\Meem\Images\ALM.gif --> home.freeuk.com /webspace/Images ALM.gif
100.05.13 20:32 B C:\Meem\Images\ALMA.gif --> home.freeuk.com /webspace/Images ALMA.gif
100.05.13 20:32 B C:\Meem\Images\ALMR.gif --> home.freeuk.com /webspace/Images ALMR.gif
100.05.13 20:32 B C:\Meem\Images\ALMSad.gif --> home.freeuk.com /webspace/Images ALMSad.gif
100.05.13 20:32 B C:\Meem\Images\AlQabidh.gif --> home.freeuk.com /webspace/Images AlQabidh.gif
100.05.13 20:32 B C:\Meem\Images\ALR.gif --> home.freeuk.com /webspace/Images ALR.gif
100.05.13 20:32 B C:\Meem\Images\Aql.gif --> home.freeuk.com /webspace/Images Aql.gif
100.05.13 20:32 B C:\Meem\Images\Ard.gif --> home.freeuk.com /webspace/Images Ard.gif
100.05.13 20:32 B C:\Meem\Images\ArRaheem.gif --> home.freeuk.com /webspace/Images ArRaheem.gif
100.05.13 20:32 B C:\Meem\Images\ArRahman.gif --> home.freeuk.com /webspace/Images ArRahman.gif
100.05.13 20:32 B C:\Meem\Images\Asr.gif --> home.freeuk.com /webspace/Images Asr.gif
100.05.13 20:32 B C:\Meem\Images\Awwal.gif --> home.freeuk.com /webspace/Images Awwal.gif
100.05.13 20:32 B C:\Meem\Images\Ayat.gif --> home.freeuk.com /webspace/Images Ayat.gif
100.05.13 20:32 B C:\Meem\Images\Ayn.gif --> home.freeuk.com /webspace/Images Ayn.gif
100.05.13 20:32 B C:\Meem\Images\AynMiftah.gif --> home.freeuk.com /webspace/Images AynMiftah.gif
100.05.13 20:33 B C:\Meem\Images\AytKarim.gif --> home.freeuk.com /webspace/Images AytKarim.gif
100.05.13 20:33 B C:\Meem\Images\AytKursi.gif --> home.freeuk.com /webspace/Images AytKursi.gif
100.05.13 20:33 B C:\Meem\Images\AytNoor.gif --> home.freeuk.com /webspace/Images AytNoor.gif
100.05.13 20:33 B C:\Meem\Images\AytQalam.gif --> home.freeuk.com /webspace/Images AytQalam.gif
100.05.13 20:33 B C:\Meem\Images\Azazeel.gif --> home.freeuk.com /webspace/Images Azazeel.gif
100.05.13 20:33 B C:\Meem\Images\BAA.gif --> home.freeuk.com /webspace/Images BAA.gif
100.05.13 20:33 B C:\Meem\Images\Bala.gif --> home.freeuk.com /webspace/Images Bala.gif
100.05.13 20:33 B C:\Meem\Images\Batin.gif --> home.freeuk.com /webspace/Images Batin.gif
100.05.13 20:33 B C:\Meem\Images\BluAlif.gif --> home.freeuk.com /webspace/Images BluAlif.gif
100.05.13 20:33 B C:\Meem\Images\BluAyn.gif --> home.freeuk.com /webspace/Images BluAyn.gif
100.05.13 20:33 B C:\Meem\Images\BluBa.gif --> home.freeuk.com /webspace/Images BluBa.gif
100.05.13 20:33 B C:\Meem\Images\BluDal.gif --> home.freeuk.com /webspace/Images BluDal.gif
100.05.13 20:33 B C:\Meem\Images\BluDhwad.gif --> home.freeuk.com /webspace/Images BluDhwad.gif
100.05.13 20:33 B C:\Meem\Images\BluFa.gif --> home.freeuk.com /webspace/Images BluFa.gif
100.05.13 20:33 B C:\Meem\Images\BluGhayn.gif --> home.freeuk.com /webspace/Images BluGhayn.gif
100.05.13 20:33 B C:\Meem\Images\BluHa.gif --> home.freeuk.com /webspace/Images BluHa.gif
100.05.13 20:33 B C:\Meem\Images\BluHaa.gif --> home.freeuk.com /webspace/Images BluHaa.gif
100.05.13 20:33 B C:\Meem\Images\BluJeem.gif --> home.freeuk.com /webspace/Images BluJeem.gif
100.05.13 20:33 B C:\Meem\Images\BluKaaf.gif --> home.freeuk.com /webspace/Images BluKaaf.gif
100.05.13 20:33 B C:\Meem\Images\BluKha.gif --> home.freeuk.com /webspace/Images BluKha.gif
100.05.13 20:34 B C:\Meem\Images\BluLaam.gif --> home.freeuk.com /webspace/Images BluLaam.gif
100.05.13 20:34 B C:\Meem\Images\BluMeem.gif --> home.freeuk.com /webspace/Images BluMeem.gif
100.05.13 20:34 B C:\Meem\Images\BluNoon.gif --> home.freeuk.com /webspace/Images BluNoon.gif
100.05.13 20:34 B C:\Meem\Images\BluQaf.gif --> home.freeuk.com /webspace/Images BluQaf.gif
100.05.13 20:34 B C:\Meem\Images\BluRa.gif --> home.freeuk.com /webspace/Images BluRa.gif
100.05.13 20:34 B C:\Meem\Images\BluSa.gif --> home.freeuk.com /webspace/Images BluSa.gif
100.05.13 20:34 B C:\Meem\Images\BluSaad.gif --> home.freeuk.com /webspace/Images BluSaad.gif
100.05.13 20:34 B C:\Meem\Images\BluSeen.gif --> home.freeuk.com /webspace/Images BluSeen.gif
100.05.13 20:34 B C:\Meem\Images\BluSheen.gif --> home.freeuk.com /webspace/Images BluSheen.gif
100.05.13 20:34 B C:\Meem\Images\BluTa.gif --> home.freeuk.com /webspace/Images BluTa.gif
100.05.13 20:34 B C:\Meem\Images\BluToin.gif --> home.freeuk.com /webspace/Images BluToin.gif
100.05.13 20:34 B C:\Meem\Images\BluWaw.gif --> home.freeuk.com /webspace/Images BluWaw.gif
100.05.13 20:34 B C:\Meem\Images\BluYa.gif --> home.freeuk.com /webspace/Images BluYa.gif
100.05.13 20:34 B C:\Meem\Images\BluZa.gif --> home.freeuk.com /webspace/Images BluZa.gif
100.05.13 20:34 B C:\Meem\Images\BluZal.gif --> home.freeuk.com /webspace/Images BluZal.gif
100.05.13 20:34 B C:\Meem\Images\BluZoin.gif --> home.freeuk.com /webspace/Images BluZoin.gif
100.05.13 20:34 B C:\Meem\Images\BsmAllah.gif --> home.freeuk.com /webspace/Images BsmAllah.gif
100.05.13 20:35 B C:\Meem\Images\Ch108_1.gif --> home.freeuk.com /webspace/Images Ch108_1.gif
100.05.13 20:35 B C:\Meem\Images\Ch10_1.gif --> home.freeuk.com /webspace/Images Ch10_1.gif
100.05.13 20:35 B C:\Meem\Images\Ch10_62_.gif --> home.freeuk.com /webspace/Images Ch10_62_.gif
100.05.13 20:35 B C:\Meem\Images\Ch112_1.gif --> home.freeuk.com /webspace/Images Ch112_1.gif
100.05.13 20:35 B C:\Meem\Images\Ch113_1.gif --> home.freeuk.com /webspace/Images Ch113_1.gif
100.05.13 20:35 B C:\Meem\Images\Ch114_1.gif --> home.freeuk.com /webspace/Images Ch114_1.gif
100.05.13 20:35 B C:\Meem\Images\Ch11_1.gif --> home.freeuk.com /webspace/Images Ch11_1.gif
100.05.13 20:35 B C:\Meem\Images\Ch11_115.gif --> home.freeuk.com /webspace/Images Ch11_115.gif
100.05.13 20:36 B C:\Meem\Images\Ch12_1_2.gif --> home.freeuk.com /webspace/Images Ch12_1_2.gif
100.05.13 20:36 B C:\Meem\Images\Ch12_53.gif --> home.freeuk.com /webspace/Images Ch12_53.gif
100.05.13 20:36 B C:\Meem\Images\Ch13_1.gif --> home.freeuk.com /webspace/Images Ch13_1.gif
100.05.13 20:36 B C:\Meem\Images\Ch14_1.gif --> home.freeuk.com /webspace/Images Ch14_1.gif
100.05.13 20:36 B C:\Meem\Images\Ch14_27.gif --> home.freeuk.com /webspace/Images Ch14_27.gif
100.05.13 20:36 B C:\Meem\Images\Ch14_39.gif --> home.freeuk.com /webspace/Images Ch14_39.gif
100.05.13 20:36 B C:\Meem\Images\Ch15_1.gif --> home.freeuk.com /webspace/Images Ch15_1.gif
100.05.13 20:36 B C:\Meem\Images\Ch16_53_.gif --> home.freeuk.com /webspace/Images Ch16_53_.gif
100.05.13 20:36 B C:\Meem\Images\Ch16_98.gif --> home.freeuk.com /webspace/Images Ch16_98.gif
100.05.13 20:36 B C:\Meem\Images\Ch17_82.gif --> home.freeuk.com /webspace/Images Ch17_82.gif
100.05.13 20:36 B C:\Meem\Images\Ch18_31.gif --> home.freeuk.com /webspace/Images Ch18_31.gif
100.05.13 20:36 B C:\Meem\Images\Ch19_1.gif --> home.freeuk.com /webspace/Images Ch19_1.gif
100.05.13 20:36 B C:\Meem\Images\Ch19_96.gif --> home.freeuk.com /webspace/Images Ch19_96.gif
100.05.13 20:37 B C:\Meem\Images\Ch1_1.gif --> home.freeuk.com /webspace/Images Ch1_1.gif
100.05.13 20:37 B C:\Meem\Images\Ch1_6_7.gif --> home.freeuk.com /webspace/Images Ch1_6_7.gif
100.05.13 20:37 B C:\Meem\Images\Ch21_107.gif --> home.freeuk.com /webspace/Images Ch21_107.gif
100.05.13 20:37 B C:\Meem\Images\Ch21_1_5.gif --> home.freeuk.com /webspace/Images Ch21_1_5.gif
100.05.13 20:37 B C:\Meem\Images\Ch21_48.gif --> home.freeuk.com /webspace/Images Ch21_48.gif
100.05.13 20:37 B C:\Meem\Images\Ch21_68_.gif --> home.freeuk.com /webspace/Images Ch21_68_.gif
100.05.13 20:37 B C:\Meem\Images\Ch22_3_4.gif --> home.freeuk.com /webspace/Images Ch22_3_4.gif
100.05.13 20:37 B C:\Meem\Images\Ch23_12.gif --> home.freeuk.com /webspace/Images Ch23_12.gif
100.05.13 20:37 B C:\Meem\Images\Ch25_45_.gif --> home.freeuk.com /webspace/Images Ch25_45_.gif
100.05.13 20:37 B C:\Meem\Images\Ch25_71.gif --> home.freeuk.com /webspace/Images Ch25_71.gif
100.05.13 20:37 B C:\Meem\Images\Ch27_1.gif --> home.freeuk.com /webspace/Images Ch27_1.gif
100.05.13 20:38 B C:\Meem\Images\Ch2_124.gif --> home.freeuk.com /webspace/Images Ch2_124.gif
100.05.13 20:38 B C:\Meem\Images\Ch2_1_2.gif --> home.freeuk.com /webspace/Images Ch2_1_2.gif
100.05.13 20:38 B C:\Meem\Images\Ch2_201.gif --> home.freeuk.com /webspace/Images Ch2_201.gif
100.05.13 20:38 B C:\Meem\Images\Ch2_257.gif --> home.freeuk.com /webspace/Images Ch2_257.gif
100.05.13 20:38 B C:\Meem\Images\Ch2_30.gif --> home.freeuk.com /webspace/Images Ch2_30.gif
100.05.13 20:38 B C:\Meem\Images\Ch2_37.gif --> home.freeuk.com /webspace/Images Ch2_37.gif
100.05.13 20:38 B C:\Meem\Images\Ch2_45.gif --> home.freeuk.com /webspace/Images Ch2_45.gif
100.05.13 20:38 B C:\Meem\Images\Ch2_7.gif --> home.freeuk.com /webspace/Images Ch2_7.gif
100.05.13 20:38 B C:\Meem\Images\Ch32_7.gif --> home.freeuk.com /webspace/Images Ch32_7.gif
100.05.13 20:38 B C:\Meem\Images\Ch32_8.gif --> home.freeuk.com /webspace/Images Ch32_8.gif
100.05.13 20:38 B C:\Meem\Images\Ch33_21.gif --> home.freeuk.com /webspace/Images Ch33_21.gif
100.05.13 20:38 B C:\Meem\Images\Ch33_40.gif --> home.freeuk.com /webspace/Images Ch33_40.gif
100.05.13 20:39 B C:\Meem\Images\Ch33_45_.gif --> home.freeuk.com /webspace/Images Ch33_45_.gif
100.05.13 20:39 B C:\Meem\Images\Ch33_56.gif --> home.freeuk.com /webspace/Images Ch33_56.gif
100.05.13 20:39 B C:\Meem\Images\Ch35_19_.gif --> home.freeuk.com /webspace/Images Ch35_19_.gif
100.05.13 20:39 B C:\Meem\Images\Ch35_2.gif --> home.freeuk.com /webspace/Images Ch35_2.gif
100.05.13 20:39 B C:\Meem\Images\Ch35_21_.gif --> home.freeuk.com /webspace/Images Ch35_21_.gif
100.05.13 20:39 B C:\Meem\Images\Ch36_41_.gif --> home.freeuk.com /webspace/Images Ch36_41_.gif
100.05.13 20:39 B C:\Meem\Images\Ch36_82.gif --> home.freeuk.com /webspace/Images Ch36_82.gif
100.05.13 20:39 B C:\Meem\Images\Ch38_1.gif --> home.freeuk.com /webspace/Images Ch38_1.gif
100.05.13 20:39 B C:\Meem\Images\Ch38_49.gif --> home.freeuk.com /webspace/Images Ch38_49.gif
100.05.13 20:39 B C:\Meem\Images\Ch38_79_.gif --> home.freeuk.com /webspace/Images Ch38_79_.gif
100.05.13 20:40 B C:\Meem\Images\Ch3_147.gif --> home.freeuk.com /webspace/Images Ch3_147.gif
100.05.13 20:40 B C:\Meem\Images\Ch3_31.gif --> home.freeuk.com /webspace/Images Ch3_31.gif
100.05.13 20:40 B C:\Meem\Images\Ch3_58.gif --> home.freeuk.com /webspace/Images Ch3_58.gif
100.05.13 20:40 B C:\Meem\Images\Ch40_15.gif --> home.freeuk.com /webspace/Images Ch40_15.gif
100.05.13 20:40 B C:\Meem\Images\Ch40_67.gif --> home.freeuk.com /webspace/Images Ch40_67.gif
100.05.13 20:40 B C:\Meem\Images\Ch41_54.gif --> home.freeuk.com /webspace/Images Ch41_54.gif
100.05.13 20:40 B C:\Meem\Images\Ch42_1_4.gif --> home.freeuk.com /webspace/Images Ch42_1_4.gif
100.05.13 20:40 B C:\Meem\Images\Ch42_2.gif --> home.freeuk.com /webspace/Images Ch42_2.gif
100.05.13 20:40 B C:\Meem\Images\Ch4_113.gif --> home.freeuk.com /webspace/Images Ch4_113.gif
100.05.13 20:40 B C:\Meem\Images\Ch50_1.gif --> home.freeuk.com /webspace/Images Ch50_1.gif
100.05.13 20:41 B C:\Meem\Images\Ch52_28.gif --> home.freeuk.com /webspace/Images Ch52_28.gif
100.05.13 20:41 B C:\Meem\Images\Ch55_13.gif --> home.freeuk.com /webspace/Images Ch55_13.gif
100.05.13 20:41 B C:\Meem\Images\Ch57_28.gif --> home.freeuk.com /webspace/Images Ch57_28.gif
100.05.13 20:41 B C:\Meem\Images\Ch68V1.gif --> home.freeuk.com /webspace/Images Ch68V1.gif
100.05.13 20:41 B C:\Meem\Images\Ch6_115.gif --> home.freeuk.com /webspace/Images Ch6_115.gif
100.05.13 20:41 B C:\Meem\Images\Ch74_3.gif --> home.freeuk.com /webspace/Images Ch74_3.gif
100.05.13 20:41 B C:\Meem\Images\Ch74_4.gif --> home.freeuk.com /webspace/Images Ch74_4.gif
100.05.13 20:41 B C:\Meem\Images\Ch75_16.gif --> home.freeuk.com /webspace/Images Ch75_16.gif
100.05.13 20:41 B C:\Meem\Images\Ch75_2.gif --> home.freeuk.com /webspace/Images Ch75_2.gif
100.05.13 20:41 B C:\Meem\Images\Ch7_172.gif --> home.freeuk.com /webspace/Images Ch7_172.gif
100.05.13 20:41 B C:\Meem\Images\Ch7_1_2.gif --> home.freeuk.com /webspace/Images Ch7_1_2.gif
100.05.13 20:41 B C:\Meem\Images\Ch83_14.gif --> home.freeuk.com /webspace/Images Ch83_14.gif
100.05.13 20:41 B C:\Meem\Images\Ch85_14.gif --> home.freeuk.com /webspace/Images Ch85_14.gif
100.05.13 20:41 B C:\Meem\Images\Ch87_9.gif --> home.freeuk.com /webspace/Images Ch87_9.gif
100.05.13 20:41 B C:\Meem\Images\Ch88_21.gif --> home.freeuk.com /webspace/Images Ch88_21.gif
100.05.13 20:42 B C:\Meem\Images\Ch89_27.gif --> home.freeuk.com /webspace/Images Ch89_27.gif
100.05.13 20:42 B C:\Meem\Images\Ch94_1.gif --> home.freeuk.com /webspace/Images Ch94_1.gif
100.05.13 20:42 B C:\Meem\Images\Ch94_5_.gif --> home.freeuk.com /webspace/Images Ch94_5_.gif
100.05.13 20:42 B C:\Meem\Images\Ch96_1.gif --> home.freeuk.com /webspace/Images Ch96_1.gif
100.05.13 20:42 B C:\Meem\Images\Ch9_115.gif --> home.freeuk.com /webspace/Images Ch9_115.gif
100.05.13 20:42 B C:\Meem\Images\Ch9_80.gif --> home.freeuk.com /webspace/Images Ch9_80.gif
100.05.13 20:42 B C:\Meem\Images\Daiem.gif --> home.freeuk.com /webspace/Images Daiem.gif
100.05.13 20:42 B C:\Meem\Images\Daraa.gif --> home.freeuk.com /webspace/Images Daraa.gif
100.05.13 20:42 B C:\Meem\Images\darood.gif --> home.freeuk.com /webspace/Images darood.gif
100.05.13 20:42 B C:\Meem\Images\Deen.gif --> home.freeuk.com /webspace/Images Deen.gif
100.05.13 20:42 B C:\Meem\Images\Dhall.gif --> home.freeuk.com /webspace/Images Dhall.gif
100.05.13 20:42 B C:\Meem\Images\Dhallal.gif --> home.freeuk.com /webspace/Images Dhallal.gif
100.05.13 20:42 B C:\Meem\Images\Dhameer.gif --> home.freeuk.com /webspace/Images Dhameer.gif
100.05.13 20:42 B C:\Meem\Images\Dhiya.gif --> home.freeuk.com /webspace/Images Dhiya.gif
100.05.13 20:42 B C:\Meem\Images\Dunya.gif --> home.freeuk.com /webspace/Images Dunya.gif
100.05.13 20:42 B C:\Meem\Images\Fahm.gif --> home.freeuk.com /webspace/Images Fahm.gif
100.05.13 20:42 B C:\Meem\Images\Fajr.gif --> home.freeuk.com /webspace/Images Fajr.gif
100.05.13 20:42 B C:\Meem\Images\Fana.gif --> home.freeuk.com /webspace/Images Fana.gif
100.05.13 20:42 B C:\Meem\Images\Faqr.gif --> home.freeuk.com /webspace/Images Faqr.gif
100.05.13 20:42 B C:\Meem\Images\Fatah.gif --> home.freeuk.com /webspace/Images Fatah.gif
100.05.13 20:42 B C:\Meem\Images\Fatiha.gif --> home.freeuk.com /webspace/Images Fatiha.gif
100.05.13 20:42 B C:\Meem\Images\Fikkr.gif --> home.freeuk.com /webspace/Images Fikkr.gif
100.05.13 20:43 B C:\Meem\Images\Ghafar.gif --> home.freeuk.com /webspace/Images Ghafar.gif
100.05.13 20:43 B C:\Meem\Images\Ghauss.gif --> home.freeuk.com /webspace/Images Ghauss.gif
100.05.13 20:43 B C:\Meem\Images\Hadee.gif --> home.freeuk.com /webspace/Images Hadee.gif
100.05.13 20:43 B C:\Meem\Images\Hakeem.gif --> home.freeuk.com /webspace/Images Hakeem.gif
100.05.13 20:43 B C:\Meem\Images\Hamd.gif --> home.freeuk.com /webspace/Images Hamd.gif
100.05.13 20:43 B C:\Meem\Images\HaMeem.gif --> home.freeuk.com /webspace/Images HaMeem.gif
100.05.13 20:43 B C:\Meem\Images\HaMeem40.gif --> home.freeuk.com /webspace/Images HaMeem40.gif
100.05.13 20:43 B C:\Meem\Images\HaMeem41.gif --> home.freeuk.com /webspace/Images HaMeem41.gif
100.05.13 20:43 B C:\Meem\Images\HaMeem42.gif --> home.freeuk.com /webspace/Images HaMeem42.gif
100.05.13 20:43 B C:\Meem\Images\HaMeem43.gif --> home.freeuk.com /webspace/Images HaMeem43.gif
100.05.13 20:43 B C:\Meem\Images\HaMeem45.gif --> home.freeuk.com /webspace/Images HaMeem45.gif
100.05.13 20:43 B C:\Meem\Images\Hamza.gif --> home.freeuk.com /webspace/Images Hamza.gif
100.05.13 20:43 B C:\Meem\Images\Haraf.gif --> home.freeuk.com /webspace/Images Haraf.gif
100.05.13 20:43 B C:\Meem\Images\Hayy.gif --> home.freeuk.com /webspace/Images Hayy.gif
100.05.13 20:43 B C:\Meem\Images\Hidayat.gif --> home.freeuk.com /webspace/Images Hidayat.gif
100.05.13 20:43 B C:\Meem\Images\Hijaab.gif --> home.freeuk.com /webspace/Images Hijaab.gif
100.05.13 20:43 B C:\Meem\Images\Hikmat.gif --> home.freeuk.com /webspace/Images Hikmat.gif
100.05.13 20:43 B C:\Meem\Images\Hu.gif --> home.freeuk.com /webspace/Images Hu.gif
100.05.13 20:43 B C:\Meem\Images\Hu1.gif --> home.freeuk.com /webspace/Images Hu1.gif
100.05.13 20:43 B C:\Meem\Images\Husna.gif --> home.freeuk.com /webspace/Images Husna.gif
100.05.13 20:43 B C:\Meem\Images\Ibraheem.gif --> home.freeuk.com /webspace/Images Ibraheem.gif
100.05.13 20:43 B C:\Meem\Images\Ibrahim.gif --> home.freeuk.com /webspace/Images Ibrahim.gif
100.05.13 20:43 B C:\Meem\Images\Iman.gif --> home.freeuk.com /webspace/Images Iman.gif
100.05.13 20:43 B C:\Meem\Images\inalilla.gif --> home.freeuk.com /webspace/Images inalilla.gif
100.05.13 20:44 B C:\Meem\Images\Insan.gif --> home.freeuk.com /webspace/Images Insan.gif
100.05.13 20:44 B C:\Meem\Images\Iqra.gif --> home.freeuk.com /webspace/Images Iqra.gif
100.05.13 20:44 B C:\Meem\Images\Isa.gif --> home.freeuk.com /webspace/Images Isa.gif
100.05.13 20:44 B C:\Meem\Images\Ishaa.gif --> home.freeuk.com /webspace/Images Ishaa.gif
100.05.13 20:44 B C:\Meem\Images\Islam.gif --> home.freeuk.com /webspace/Images Islam.gif
100.05.13 20:44 B C:\Meem\Images\islamrng.gif --> home.freeuk.com /webspace/Images islamrng.gif
100.05.13 20:44 B C:\Meem\Images\Kaafi.gif --> home.freeuk.com /webspace/Images Kaafi.gif
100.05.13 20:44 B C:\Meem\Images\Kareem.gif --> home.freeuk.com /webspace/Images Kareem.gif
100.05.13 20:44 B C:\Meem\Images\Khatam.gif --> home.freeuk.com /webspace/Images Khatam.gif
100.05.13 20:44 B C:\Meem\Images\Khidr.gif --> home.freeuk.com /webspace/Images Khidr.gif
100.05.13 20:44 B C:\Meem\Images\Khyas.gif --> home.freeuk.com /webspace/Images Khyas.gif
100.05.13 20:44 B C:\Meem\Images\Kitab.gif --> home.freeuk.com /webspace/Images Kitab.gif
100.05.13 20:44 B C:\Meem\Images\Kun.gif --> home.freeuk.com /webspace/Images Kun.gif
100.05.13 20:44 B C:\Meem\Images\Lahu.gif --> home.freeuk.com /webspace/Images Lahu.gif
100.05.13 20:44 B C:\Meem\Images\Lillah.gif --> home.freeuk.com /webspace/Images Lillah.gif
100.05.13 20:44 B C:\Meem\Images\Lisaan.gif --> home.freeuk.com /webspace/Images Lisaan.gif
100.05.13 20:44 B C:\Meem\Images\Maa.gif --> home.freeuk.com /webspace/Images Maa.gif
100.05.13 20:44 B C:\Meem\Images\Maghrib.gif --> home.freeuk.com /webspace/Images Maghrib.gif
100.05.13 20:44 B C:\Meem\Images\Mahmood.gif --> home.freeuk.com /webspace/Images Mahmood.gif
100.05.13 20:44 B C:\Meem\Images\Maryam.gif --> home.freeuk.com /webspace/Images Maryam.gif
100.05.13 20:44 B C:\Meem\Images\Mawt.gif --> home.freeuk.com /webspace/Images Mawt.gif
100.05.13 20:44 B C:\Meem\Images\Meem3.gif --> home.freeuk.com /webspace/Images Meem3.gif
100.05.13 20:44 B C:\Meem\Images\Meemzbr.gif --> home.freeuk.com /webspace/Images Meemzbr.gif
100.05.13 20:44 B C:\Meem\Images\Miftah.gif --> home.freeuk.com /webspace/Images Miftah.gif
100.05.13 20:44 B C:\Meem\Images\MMahmood.gif --> home.freeuk.com /webspace/Images MMahmood.gif
100.05.13 20:44 B C:\Meem\Images\MmYaMm.gif --> home.freeuk.com /webspace/Images MmYaMm.gif
100.05.13 20:45 B C:\Meem\Images\Mubarak.gif --> home.freeuk.com /webspace/Images Mubarak.gif
100.05.13 20:45 B C:\Meem\Images\Muhammad.gif --> home.freeuk.com /webspace/Images Muhammad.gif
100.05.13 20:45 B C:\Meem\Images\Muheet.gif --> home.freeuk.com /webspace/Images Muheet.gif
100.05.13 20:45 B C:\Meem\Images\Muhmmad.gif --> home.freeuk.com /webspace/Images Muhmmad.gif
100.05.13 20:45 B C:\Meem\Images\Muqttaat.gif --> home.freeuk.com /webspace/Images Muqttaat.gif
100.05.13 20:45 B C:\Meem\Images\Mustafah.gif --> home.freeuk.com /webspace/Images Mustafah.gif
100.05.13 20:45 B C:\Meem\Images\mym.gif --> home.freeuk.com /webspace/Images mym.gif
100.05.13 20:45 B C:\Meem\Images\MYM_Meem.gif --> home.freeuk.com /webspace/Images MYM_Meem.gif
100.05.13 20:45 B C:\Meem\Images\Naar.gif --> home.freeuk.com /webspace/Images Naar.gif
100.05.13 20:46 B C:\Meem\Images\Nabiletr.gif --> home.freeuk.com /webspace/Images Nabiletr.gif
100.05.13 20:46 B C:\Meem\Images\NnWaNn.gif --> home.freeuk.com /webspace/Images NnWaNn.gif
100.05.13 20:46 B C:\Meem\Images\Noor.gif --> home.freeuk.com /webspace/Images Noor.gif
100.05.13 20:46 B C:\Meem\Images\Nuh.gif --> home.freeuk.com /webspace/Images Nuh.gif
100.05.13 20:46 B C:\Meem\Images\Openbsma.gif --> home.freeuk.com /webspace/Images Openbsma.gif
100.05.13 20:46 B C:\Meem\Images\Qadr.gif --> home.freeuk.com /webspace/Images Qadr.gif
100.05.13 20:46 B C:\Meem\Images\Qiyamat.gif --> home.freeuk.com /webspace/Images Qiyamat.gif
100.05.13 20:46 B C:\Meem\Images\Qlm4850.gif --> home.freeuk.com /webspace/Images Qlm4850.gif
100.05.13 20:46 B C:\Meem\Images\Quran.gif --> home.freeuk.com /webspace/Images Quran.gif
100.05.13 20:46 B C:\Meem\Images\Rabb.gif --> home.freeuk.com /webspace/Images Rabb.gif
100.05.13 20:46 B C:\Meem\Images\Rafi.gif --> home.freeuk.com /webspace/Images Rafi.gif
100.05.13 20:46 B C:\Meem\Images\Ramadan.gif --> home.freeuk.com /webspace/Images Ramadan.gif
100.05.13 20:46 B C:\Meem\Images\Sabit.gif --> home.freeuk.com /webspace/Images Sabit.gif
100.05.13 20:46 B C:\Meem\Images\Sabr.gif --> home.freeuk.com /webspace/Images Sabr.gif
100.05.13 20:46 B C:\Meem\Images\Sadr.gif --> home.freeuk.com /webspace/Images Sadr.gif
100.05.13 20:46 B C:\Meem\Images\Salaamun.gif --> home.freeuk.com /webspace/Images Salaamun.gif
100.05.13 20:46 B C:\Meem\Images\Samad.gif --> home.freeuk.com /webspace/Images Samad.gif
100.05.13 20:47 B C:\Meem\Images\Samar.gif --> home.freeuk.com /webspace/Images Samar.gif
100.05.13 20:47 B C:\Meem\Images\Samee.gif --> home.freeuk.com /webspace/Images Samee.gif
100.05.13 20:47 B C:\Meem\Images\Sawab.gif --> home.freeuk.com /webspace/Images Sawab.gif
100.05.13 20:47 B C:\Meem\Images\Sawm.gif --> home.freeuk.com /webspace/Images Sawm.gif
100.05.13 20:47 B C:\Meem\Images\saws.gif --> home.freeuk.com /webspace/Images saws.gif
100.05.13 20:47 B C:\Meem\Images\Sirat.gif --> home.freeuk.com /webspace/Images Sirat.gif
100.05.13 20:47 B C:\Meem\Images\Sirr.gif --> home.freeuk.com /webspace/Images Sirr.gif
100.05.13 20:47 B C:\Meem\Images\Siyaba.gif --> home.freeuk.com /webspace/Images Siyaba.gif
100.05.13 20:47 B C:\Meem\Images\Tabaqat.gif --> home.freeuk.com /webspace/Images Tabaqat.gif
100.05.13 20:47 B C:\Meem\Images\TaHa.gif --> home.freeuk.com /webspace/Images TaHa.gif
100.05.13 20:47 B C:\Meem\Images\Tahhara.gif --> home.freeuk.com /webspace/Images Tahhara.gif
100.05.13 20:47 B C:\Meem\Images\Tahlil.gif --> home.freeuk.com /webspace/Images Tahlil.gif
100.05.13 20:47 B C:\Meem\Images\Tahlil1.gif --> home.freeuk.com /webspace/Images Tahlil1.gif
100.05.13 20:47 B C:\Meem\Images\Taiymum.gif --> home.freeuk.com /webspace/Images Taiymum.gif
100.05.13 20:47 B C:\Meem\Images\Talab.gif --> home.freeuk.com /webspace/Images Talab.gif
100.05.13 20:47 B C:\Meem\Images\TaSeen.gif --> home.freeuk.com /webspace/Images TaSeen.gif
100.05.13 20:47 B C:\Meem\Images\TaSnMm.gif --> home.freeuk.com /webspace/Images TaSnMm.gif
100.05.13 20:47 B C:\Meem\Images\Tawba.gif --> home.freeuk.com /webspace/Images Tawba.gif
100.05.13 20:47 B C:\Meem\Images\Tayyib.gif --> home.freeuk.com /webspace/Images Tayyib.gif
100.05.13 20:47 B C:\Meem\Images\Teen.gif --> home.freeuk.com /webspace/Images Teen.gif
100.05.13 20:47 B C:\Meem\Images\Tibb.gif --> home.freeuk.com /webspace/Images Tibb.gif
100.05.13 20:48 B C:\Meem\Images\Turab.gif --> home.freeuk.com /webspace/Images Turab.gif
100.05.13 20:48 B C:\Meem\Images\Tuwa.gif --> home.freeuk.com /webspace/Images Tuwa.gif
100.05.13 20:48 B C:\Meem\Images\Umee.gif --> home.freeuk.com /webspace/Images Umee.gif
100.05.13 20:48 B C:\Meem\Images\WaAlfWa.gif --> home.freeuk.com /webspace/Images WaAlfWa.gif
100.05.13 20:48 B C:\Meem\Images\Wadood.gif --> home.freeuk.com /webspace/Images Wadood.gif
100.05.13 20:48 B C:\Meem\Images\Waqt.gif --> home.freeuk.com /webspace/Images Waqt.gif
100.05.13 20:48 B C:\Meem\Images\Waseet.gif --> home.freeuk.com /webspace/Images Waseet.gif
100.05.13 20:48 B C:\Meem\Images\Wood.gif --> home.freeuk.com /webspace/Images Wood.gif
100.05.13 20:48 B C:\Meem\Images\YaAlif.gif --> home.freeuk.com /webspace/Images YaAlif.gif
100.05.13 20:48 B C:\Meem\Images\Yahya.gif --> home.freeuk.com /webspace/Images Yahya.gif
100.05.13 20:48 B C:\Meem\Images\YaSeen.gif --> home.freeuk.com /webspace/Images YaSeen.gif
100.05.13 20:48 B C:\Meem\Images\ZaanNoon.gif --> home.freeuk.com /webspace/Images ZaanNoon.gif
100.05.13 20:48 B C:\Meem\Images\Zahir.gif --> home.freeuk.com /webspace/Images Zahir.gif
100.05.13 20:48 B C:\Meem\Images\Zakkr.gif --> home.freeuk.com /webspace/Images Zakkr.gif
100.05.13 20:48 B C:\Meem\Images\Zamzam.gif --> home.freeuk.com /webspace/Images Zamzam.gif
100.05.13 20:48 B C:\Meem\Images\Zill.gif --> home.freeuk.com /webspace/Images Zill.gif
100.05.13 20:48 B C:\Meem\Images\Zuhr.gif --> home.freeuk.com /webspace/Images Zuhr.gif
100.05.13 20:48 B C:\Meem\Images\Zulm.gif --> home.freeuk.com /webspace/Images Zulm.gif
100.05.13 20:48 B C:\Meem\Images\Zulmat.gif --> home.freeuk.com /webspace/Images Zulmat.gif
100.06.03 21:07 B C:\meem\Images\AynMiftah.gif --> uploads.webspace.swinternet.net /Images AynMiftah.gif
100.06.09 23:26 B C:\Meem\Images\Ch2_31.gif --> home.freeuk.com /webspace/Images Ch2_31.gif
100.06.09 23:26 B C:\Meem\Images\Imam.gif --> home.freeuk.com /webspace/Images Imam.gif
100.06.09 23:27 B C:\Meem\Images\Maa.gif --> home.freeuk.com /webspace/Images Maa.gif
100.06.09 23:27 B C:\Meem\Images\Madrass.gif --> home.freeuk.com /webspace/Images Madrass.gif
100.06.09 23:27 B C:\Meem\Images\Majmaa.gif --> home.freeuk.com /webspace/Images Majmaa.gif
100.06.09 23:27 B C:\Meem\Images\Majmaab.gif --> home.freeuk.com /webspace/Images Majmaab.gif
100.06.09 23:27 B C:\Meem\Images\Mawt.gif --> home.freeuk.com /webspace/Images Mawt.gif
100.06.09 23:28 B C:\Meem\Images\Meem3.gif --> home.freeuk.com /webspace/Images Meem3.gif
100.06.09 23:29 B C:\Meem\Images\Meezan.gif --> home.freeuk.com /webspace/Images Meezan.gif
100.06.09 23:30 B C:\Meem\Images\Jamaa.gif --> home.freeuk.com /webspace/Images Jamaa.gif
100.06.09 23:31 B C:\Meem\Images\Sadiqeen.gif --> home.freeuk.com /webspace/Images Sadiqeen.gif
100.08.16 19:31 B C:\Meem\Images\AsSaboor.gif --> home.freeuk.com /webspace/Images AsSaboor.gif
100.08.16 19:32 B C:\Meem\Images\Ch18_67.gif --> home.freeuk.com /webspace/Images Ch18_67.gif
100.08.16 19:32 B C:\Meem\Images\Ch20_25_8.gif --> home.freeuk.com /webspace/Images Ch20_25_8.gif
100.09.03 14:33 B C:\Meem\Images\Ch18_10.gif --> uploads.webspace.swinternet.net /Images Ch18_10.gif
100.09.03 14:33 B C:\Meem\Images\Ch18_23_.gif --> uploads.webspace.swinternet.net /Images Ch18_23_.gif
100.09.03 14:33 B C:\Meem\Images\Rasheed.gif --> uploads.webspace.swinternet.net /Images Rasheed.gif
100.09.12 21:23 B C:\Meem\Images\Ch15_23.gif --> home.freeuk.com /webspace/Images Ch15_23.gif
100.09.12 21:24 B C:\Meem\Images\Ch21_89.gif --> home.freeuk.com /webspace/Images Ch21_89.gif
100.09.12 21:25 B C:\Meem\Images\AlWaris.gif --> home.freeuk.com /webspace/Images AlWaris.gif
100.09.19 18:56 B C:\Meem\Images\AlBaqee.gif --> home.freeuk.com /webspace/Images AlBaqee.gif
100.09.19 18:56 B C:\Meem\Images\Ch14_40_.gif --> home.freeuk.com /webspace/Images Ch14_40_.gif
100.09.19 18:56 B C:\Meem\Images\Ch43_26_.gif --> home.freeuk.com /webspace/Images Ch43_26_.gif
100.09.19 18:59 B C:\Meem\Images\Ch19_76.gif --> home.freeuk.com /webspace/Images Ch19_76.gif
100.10.01 19:34 B C:\Meem\Images\Badee.gif --> home.freeuk.com /webspace Badee.gif
100.10.01 19:35 B C:\Meem\Images\Ch2_117.gif --> home.freeuk.com /webspace Ch2_117.gif
100.10.01 19:35 B C:\Meem\Images\Ch6_101.gif --> home.freeuk.com /webspace Ch6_101.gif
100.10.01 19:36 B C:\Meem\Images\Ch6_101.gif --> home.freeuk.com /webspace/Images Ch6_101.gif
100.10.01 19:36 B C:\Meem\Images\Ch2_117.gif --> home.freeuk.com /webspace/Images Ch2_117.gif
100.10.01 19:37 B C:\Meem\Images\Badee.gif --> home.freeuk.com /webspace/Images Badee.gif
100.10.14 16:17 B C:\Meem\Images\AlHadee.gif --> uploads.webspace.swinternet.net /Images AlHadee.gif
100.10.14 16:18 B C:\Meem\Images\Ch42_52_.gif --> uploads.webspace.swinternet.net /Images Ch42_52_.gif
100.10.14 16:20 B C:\Meem\Images\Ch39_36_.gif --> uploads.webspace.swinternet.net /Images Ch39_36_.gif
100.10.14 16:21 B C:\Meem\Images\Ch42_52_.gif --> uploads.webspace.swinternet.net /Images Ch42_52_.gif
100.10.27 22:40 B C:\Meem\Images\AnNoor.gif --> uploads.webspace.swinternet.net /Images AnNoor.gif
100.10.27 22:45 B C:\Meem\Images\AnNoor.gif --> home.freeuk.com directory identifier unavailable AnNoor.gif
100.11.10 19:03 B C:\Meem\Images\Ch10_96_.gif --> home.freeuk.com /webspace/Images Ch10_96_.gif
100.11.10 19:04 B C:\Meem\Images\Ch13_16.gif --> home.freeuk.com /webspace/Images Ch13_16.gif
100.11.10 19:54 B C:\Meem\Images\AnNafee.gif --> uploads.webspace.swinternet.net /Images AnNafee.gif
100.11.10 19:55 B C:\Meem\Images\Ch10_62_.gif --> uploads.webspace.swinternet.net /Images Ch10_62_.gif
100.11.10 19:55 B C:\Meem\Images\Ch13_16.gif --> uploads.webspace.swinternet.net /Images Ch13_16.gif
100.11.10 19:57 B C:\Meem\Images\Ch10_96_.gif --> uploads.webspace.swinternet.net /Images Ch10_96_.gif
100.11.26 18:02 B C:\Meem\Images\Ch16_53_.gif --> home.freeuk.com /webspace/Images Ch16_53_.gif
100.11.26 18:03 B C:\Meem\Images\Ch21_83.gif --> home.freeuk.com /webspace/Images Ch21_83.gif
100.11.26 18:03 B C:\Meem\Images\Dhaar.gif --> home.freeuk.com /webspace/Images Dhaar.gif
100.11.26 18:04 B C:\Meem\Images\Ch16_52_.gif --> home.freeuk.com /webspace/Images Ch16_52_.gif
100.12.08 18:12 B C:\Meem\Images\1.gif --> upload.virgin.net /docs/Images 1.gif
100.12.08 18:12 B C:\Meem\Images\10.gif --> upload.virgin.net /docs/Images 10.gif
100.12.08 18:12 B C:\Meem\Images\100.gif --> upload.virgin.net /docs/Images 100.gif
100.12.08 18:12 B C:\Meem\Images\1000.gif --> upload.virgin.net /docs/Images 1000.gif
100.12.08 18:12 B C:\Meem\Images\2.gif --> upload.virgin.net /docs/Images 2.gif
100.12.08 18:12 B C:\Meem\Images\20.gif --> upload.virgin.net /docs/Images 20.gif
100.12.08 18:12 B C:\Meem\Images\200.gif --> upload.virgin.net /docs/Images 200.gif
100.12.08 18:12 B C:\Meem\Images\3.gif --> upload.virgin.net /docs/Images 3.gif
100.12.08 18:12 B C:\Meem\Images\30.gif --> upload.virgin.net /docs/Images 30.gif
100.12.08 18:12 B C:\Meem\Images\300.gif --> upload.virgin.net /docs/Images 300.gif
100.12.08 18:12 B C:\Meem\Images\4.gif --> upload.virgin.net /docs/Images 4.gif
100.12.08 18:13 B C:\Meem\Images\40.gif --> upload.virgin.net /docs/Images 40.gif
100.12.08 18:13 B C:\Meem\Images\400.gif --> upload.virgin.net /docs/Images 400.gif
100.12.08 18:13 B C:\Meem\Images\4xYa.gif --> upload.virgin.net /docs/Images 4xYa.gif
100.12.08 18:13 B C:\Meem\Images\5.gif --> upload.virgin.net /docs/Images 5.gif
100.12.08 18:13 B C:\Meem\Images\50.gif --> upload.virgin.net /docs/Images 50.gif
100.12.08 18:13 B C:\Meem\Images\500.gif --> upload.virgin.net /docs/Images 500.gif
100.12.08 18:13 B C:\Meem\Images\6.gif --> upload.virgin.net /docs/Images 6.gif
100.12.08 18:13 B C:\Meem\Images\60.gif --> upload.virgin.net /docs/Images 60.gif
100.12.08 18:13 B C:\Meem\Images\600.gif --> upload.virgin.net /docs/Images 600.gif
100.12.08 18:13 B C:\Meem\Images\7.gif --> upload.virgin.net /docs/Images 7.gif
100.12.08 18:13 B C:\Meem\Images\70.gif --> upload.virgin.net /docs/Images 70.gif
100.12.08 18:13 B C:\Meem\Images\700.gif --> upload.virgin.net /docs/Images 700.gif
100.12.08 18:13 B C:\Meem\Images\8.gif --> upload.virgin.net /docs/Images 8.gif
100.12.08 18:13 B C:\Meem\Images\80.gif --> upload.virgin.net /docs/Images 80.gif
100.12.08 18:13 B C:\Meem\Images\800.gif --> upload.virgin.net /docs/Images 800.gif
100.12.08 18:13 B C:\Meem\Images\9.gif --> upload.virgin.net /docs/Images 9.gif
100.12.08 18:13 B C:\Meem\Images\90.gif --> upload.virgin.net /docs/Images 90.gif
100.12.08 18:13 B C:\Meem\Images\900.gif --> upload.virgin.net /docs/Images 900.gif
100.12.08 18:13 B C:\Meem\Images\Aazab.gif --> upload.virgin.net /docs/Images Aazab.gif
100.12.08 18:13 B C:\Meem\Images\Adam.gif --> upload.virgin.net /docs/Images Adam.gif
100.12.08 18:13 B C:\Meem\Images\AdDhar.gif --> upload.virgin.net /docs/Images AdDhar.gif
100.12.08 18:13 B C:\Meem\Images\Ahad.gif --> upload.virgin.net /docs/Images Ahad.gif
100.12.08 18:13 B C:\Meem\Images\Ahmad.gif --> upload.virgin.net /docs/Images Ahmad.gif
100.12.08 18:13 B C:\Meem\Images\Akhir.gif --> upload.virgin.net /docs/Images Akhir.gif
100.12.08 18:13 B C:\Meem\Images\Alaq.gif --> upload.virgin.net /docs/Images Alaq.gif
100.12.08 18:13 B C:\Meem\Images\Alastu.gif --> upload.virgin.net /docs/Images Alastu.gif
100.12.08 18:13 B C:\Meem\Images\AlBaqee.gif --> upload.virgin.net /docs/Images AlBaqee.gif
100.12.08 18:13 B C:\Meem\Images\AlHadee.gif --> upload.virgin.net /docs/Images AlHadee.gif
100.12.08 18:13 B C:\Meem\Images\Allah.gif --> upload.virgin.net /docs/Images Allah.gif
100.12.08 18:13 B C:\Meem\Images\Allah1.gif --> upload.virgin.net /docs/Images Allah1.gif
100.12.08 18:13 B C:\Meem\Images\Allahuma.gif --> upload.virgin.net /docs/Images Allahuma.gif
100.12.08 18:14 B C:\Meem\Images\ALM.gif --> upload.virgin.net /docs/Images ALM.gif
100.12.08 18:14 B C:\Meem\Images\ALMA.gif --> upload.virgin.net /docs/Images ALMA.gif
100.12.08 18:14 B C:\Meem\Images\ALMR.gif --> upload.virgin.net /docs/Images ALMR.gif
100.12.08 18:14 B C:\Meem\Images\ALMSad.gif --> upload.virgin.net /docs/Images ALMSad.gif
100.12.08 18:14 B C:\Meem\Images\AlQabidh.gif --> upload.virgin.net /docs/Images AlQabidh.gif
100.12.08 18:14 B C:\Meem\Images\ALR.gif --> upload.virgin.net /docs/Images ALR.gif
100.12.08 18:14 B C:\Meem\Images\AlWaris.gif --> upload.virgin.net /docs/Images AlWaris.gif
100.12.08 18:14 B C:\Meem\Images\AnNafee.gif --> upload.virgin.net /docs/Images AnNafee.gif
100.12.08 18:14 B C:\Meem\Images\AnNoor.gif --> upload.virgin.net /docs/Images AnNoor.gif
100.12.08 18:14 B C:\Meem\Images\Aql.gif --> upload.virgin.net /docs/Images Aql.gif
100.12.08 18:14 B C:\Meem\Images\Ard.gif --> upload.virgin.net /docs/Images Ard.gif
100.12.08 18:14 B C:\Meem\Images\ArRaheem.gif --> upload.virgin.net /docs/Images ArRaheem.gif
100.12.08 18:14 B C:\Meem\Images\ArRahman.gif --> upload.virgin.net /docs/Images ArRahman.gif
100.12.08 18:14 B C:\Meem\Images\AshabKahf11.BMP --> upload.virgin.net /docs/Images AshabKahf11.BMP
100.12.08 18:14 B C:\Meem\Images\Asr.gif --> upload.virgin.net /docs/Images Asr.gif
100.12.08 18:14 B C:\Meem\Images\AsSaboor.gif --> upload.virgin.net /docs/Images AsSaboor.gif
100.12.08 18:14 B C:\Meem\Images\Awwal.gif --> upload.virgin.net /docs/Images Awwal.gif
100.12.08 18:15 B C:\Meem\Images\Ayat.gif --> upload.virgin.net /docs/Images Ayat.gif
100.12.08 18:15 B C:\Meem\Images\Ayn.gif --> upload.virgin.net /docs/Images Ayn.gif
100.12.08 18:15 B C:\Meem\Images\AynMiftah.gif --> upload.virgin.net /docs/Images AynMiftah.gif
100.12.08 18:15 B C:\Meem\Images\AytKarim.gif --> upload.virgin.net /docs/Images AytKarim.gif
100.12.08 18:15 B C:\Meem\Images\AytKursi.gif --> upload.virgin.net /docs/Images AytKursi.gif
100.12.08 18:15 B C:\Meem\Images\AytNoor.gif --> upload.virgin.net /docs/Images AytNoor.gif
100.12.08 18:15 B C:\Meem\Images\AytQalam.gif --> upload.virgin.net /docs/Images AytQalam.gif
100.12.08 18:15 B C:\Meem\Images\Azazeel.gif --> upload.virgin.net /docs/Images Azazeel.gif
100.12.08 18:15 B C:\Meem\Images\BAA.gif --> upload.virgin.net /docs/Images BAA.gif
100.12.08 18:15 B C:\Meem\Images\Badee.gif --> upload.virgin.net /docs/Images Badee.gif
100.12.08 18:15 B C:\Meem\Images\Bala.gif --> upload.virgin.net /docs/Images Bala.gif
100.12.08 18:15 B C:\Meem\Images\Batin.gif --> upload.virgin.net /docs/Images Batin.gif
100.12.08 18:16 B C:\Meem\Images\BsmAllah.gif --> upload.virgin.net /docs/Images BsmAllah.gif
100.12.08 18:16 B C:\Meem\Images\Ch108_1.gif --> upload.virgin.net /docs/Images Ch108_1.gif
100.12.08 18:16 B C:\Meem\Images\Ch10_1.gif --> upload.virgin.net /docs/Images Ch10_1.gif
100.12.08 18:16 B C:\Meem\Images\Ch10_62_.gif --> upload.virgin.net /docs/Images Ch10_62_.gif
100.12.08 18:16 B C:\Meem\Images\Ch10_96_.gif --> upload.virgin.net /docs/Images Ch10_96_.gif
100.12.08 18:16 B C:\Meem\Images\Ch112_1.gif --> upload.virgin.net /docs/Images Ch112_1.gif
100.12.08 18:16 B C:\Meem\Images\Ch113_1.gif --> upload.virgin.net /docs/Images Ch113_1.gif
100.12.08 18:16 B C:\Meem\Images\Ch114_1.gif --> upload.virgin.net /docs/Images Ch114_1.gif
100.12.08 18:16 B C:\Meem\Images\Ch11_1.gif --> upload.virgin.net /docs/Images Ch11_1.gif
100.12.08 18:16 B C:\Meem\Images\Ch11_115.gif --> upload.virgin.net /docs/Images Ch11_115.gif
100.12.08 18:16 B C:\Meem\Images\Ch12_1_2.gif --> upload.virgin.net /docs/Images Ch12_1_2.gif
100.12.08 18:17 B C:\Meem\Images\Ch12_53.gif --> upload.virgin.net /docs/Images Ch12_53.gif
100.12.08 18:17 B C:\Meem\Images\Ch13_1.gif --> upload.virgin.net /docs/Images Ch13_1.gif
100.12.08 18:17 B C:\Meem\Images\Ch13_16.gif --> upload.virgin.net /docs/Images Ch13_16.gif
100.12.08 18:17 B C:\Meem\Images\Ch14_1.gif --> upload.virgin.net /docs/Images Ch14_1.gif
100.12.08 18:17 B C:\Meem\Images\Ch14_27.gif --> upload.virgin.net /docs/Images Ch14_27.gif
100.12.08 18:17 B C:\Meem\Images\Ch14_39.gif --> upload.virgin.net /docs/Images Ch14_39.gif
100.12.08 18:17 B C:\Meem\Images\Ch14_40_.gif --> upload.virgin.net /docs/Images Ch14_40_.gif
100.12.08 18:17 B C:\Meem\Images\Ch15_1.gif --> upload.virgin.net /docs/Images Ch15_1.gif
100.12.08 18:17 B C:\Meem\Images\Ch15_23.gif --> upload.virgin.net /docs/Images Ch15_23.gif
100.12.08 18:17 B C:\Meem\Images\Ch16_52_.gif --> upload.virgin.net /docs/Images Ch16_52_.gif
100.12.08 18:17 B C:\Meem\Images\Ch16_53_.gif --> upload.virgin.net /docs/Images Ch16_53_.gif
100.12.08 18:17 B C:\Meem\Images\Ch16_98.gif --> upload.virgin.net /docs/Images Ch16_98.gif
100.12.08 18:17 B C:\Meem\Images\Ch17_82.gif --> upload.virgin.net /docs/Images Ch17_82.gif
100.12.08 18:17 B C:\Meem\Images\Ch18_10.gif --> upload.virgin.net /docs/Images Ch18_10.gif
100.12.08 18:17 B C:\Meem\Images\Ch18_23_.gif --> upload.virgin.net /docs/Images Ch18_23_.gif
100.12.08 18:18 B C:\Meem\Images\Ch18_31.gif --> upload.virgin.net /docs/Images Ch18_31.gif
100.12.08 18:18 B C:\Meem\Images\Ch18_67.gif --> upload.virgin.net /docs/Images Ch18_67.gif
100.12.08 18:18 B C:\Meem\Images\Ch19_1.gif --> upload.virgin.net /docs/Images Ch19_1.gif
100.12.08 18:18 B C:\Meem\Images\Ch19_76.gif --> upload.virgin.net /docs/Images Ch19_76.gif
100.12.08 18:18 B C:\Meem\Images\Ch19_96.gif --> upload.virgin.net /docs/Images Ch19_96.gif
100.12.08 18:18 B C:\Meem\Images\Ch1_1.gif --> upload.virgin.net /docs/Images Ch1_1.gif
100.12.08 18:18 B C:\Meem\Images\Ch1_6_7.gif --> upload.virgin.net /docs/Images Ch1_6_7.gif
100.12.08 18:18 B C:\Meem\Images\Ch20_25_8.gif --> upload.virgin.net /docs/Images Ch20_25_8.gif
100.12.08 18:18 B C:\Meem\Images\Ch21_107.gif --> upload.virgin.net /docs/Images Ch21_107.gif
100.12.08 18:18 B C:\Meem\Images\Ch21_1_5.gif --> upload.virgin.net /docs/Images Ch21_1_5.gif
100.12.08 18:18 B C:\Meem\Images\Ch21_48.gif --> upload.virgin.net /docs/Images Ch21_48.gif
100.12.08 18:18 B C:\Meem\Images\Ch21_68_.gif --> upload.virgin.net /docs/Images Ch21_68_.gif
100.12.08 18:18 B C:\Meem\Images\Ch21_83.gif --> upload.virgin.net /docs/Images Ch21_83.gif
100.12.08 18:18 B C:\Meem\Images\Ch21_89.gif --> upload.virgin.net /docs/Images Ch21_89.gif
100.12.08 18:18 B C:\Meem\Images\Ch22_3_4.gif --> upload.virgin.net /docs/Images Ch22_3_4.gif
100.12.08 18:18 B C:\Meem\Images\Ch23_12.gif --> upload.virgin.net /docs/Images Ch23_12.gif
100.12.08 18:18 B C:\Meem\Images\Ch25_45_.gif --> upload.virgin.net /docs/Images Ch25_45_.gif
100.12.08 18:19 B C:\Meem\Images\Ch25_71.gif --> upload.virgin.net /docs/Images Ch25_71.gif
100.12.08 18:19 B C:\Meem\Images\Ch27_1.gif --> upload.virgin.net /docs/Images Ch27_1.gif
100.12.08 18:19 B C:\Meem\Images\Ch2_117.gif --> upload.virgin.net /docs/Images Ch2_117.gif
100.12.08 18:19 B C:\Meem\Images\Ch2_124.gif --> upload.virgin.net /docs/Images Ch2_124.gif
100.12.08 18:19 B C:\Meem\Images\Ch2_1_2.gif --> upload.virgin.net /docs/Images Ch2_1_2.gif
100.12.08 18:19 B C:\Meem\Images\Ch2_201.gif --> upload.virgin.net /docs/Images Ch2_201.gif
100.12.08 18:19 B C:\Meem\Images\Ch2_257.gif --> upload.virgin.net /docs/Images Ch2_257.gif
100.12.08 18:19 B C:\Meem\Images\Ch2_30.gif --> upload.virgin.net /docs/Images Ch2_30.gif
100.12.08 18:19 B C:\Meem\Images\Ch2_31.gif --> upload.virgin.net /docs/Images Ch2_31.gif
100.12.08 18:19 B C:\Meem\Images\Ch2_37.gif --> upload.virgin.net /docs/Images Ch2_37.gif
100.12.08 18:19 B C:\Meem\Images\Ch2_45.gif --> upload.virgin.net /docs/Images Ch2_45.gif
100.12.08 18:19 B C:\Meem\Images\Ch2_7.gif --> upload.virgin.net /docs/Images Ch2_7.gif
100.12.08 18:19 B C:\Meem\Images\Ch32_7.gif --> upload.virgin.net /docs/Images Ch32_7.gif
100.12.08 18:20 B C:\Meem\Images\Ch32_8.gif --> upload.virgin.net /docs/Images Ch32_8.gif
100.12.08 18:20 B C:\Meem\Images\Ch33_21.gif --> upload.virgin.net /docs/Images Ch33_21.gif
100.12.08 18:20 B C:\Meem\Images\Ch33_40.gif --> upload.virgin.net /docs/Images Ch33_40.gif
100.12.08 18:20 B C:\Meem\Images\Ch33_45_.gif --> upload.virgin.net /docs/Images Ch33_45_.gif
100.12.08 18:20 B C:\Meem\Images\Ch33_56.gif --> upload.virgin.net /docs/Images Ch33_56.gif
100.12.08 18:20 B C:\Meem\Images\Ch35_19_.gif --> upload.virgin.net /docs/Images Ch35_19_.gif
100.12.08 18:20 B C:\Meem\Images\Ch35_2.gif --> upload.virgin.net /docs/Images Ch35_2.gif
100.12.08 18:20 B C:\Meem\Images\Ch35_21_.gif --> upload.virgin.net /docs/Images Ch35_21_.gif
100.12.08 18:20 B C:\Meem\Images\Ch36_41_.gif --> upload.virgin.net /docs/Images Ch36_41_.gif
100.12.08 18:20 B C:\Meem\Images\Ch36_82.gif --> upload.virgin.net /docs/Images Ch36_82.gif
100.12.08 18:20 B C:\Meem\Images\Ch38_1.gif --> upload.virgin.net /docs/Images Ch38_1.gif
100.12.08 18:20 B C:\Meem\Images\Ch38_49.gif --> upload.virgin.net /docs/Images Ch38_49.gif
100.12.08 18:20 B C:\Meem\Images\Ch38_79_.gif --> upload.virgin.net /docs/Images Ch38_79_.gif
100.12.08 18:20 B C:\Meem\Images\Ch39_36_.gif --> upload.virgin.net /docs/Images Ch39_36_.gif
100.12.08 18:20 B C:\Meem\Images\Ch3_147.gif --> upload.virgin.net /docs/Images Ch3_147.gif
100.12.08 18:21 B C:\Meem\Images\Ch3_31.gif --> upload.virgin.net /docs/Images Ch3_31.gif
100.12.08 18:21 B C:\Meem\Images\Ch3_58.gif --> upload.virgin.net /docs/Images Ch3_58.gif
100.12.08 18:21 B C:\Meem\Images\Ch40_15.gif --> upload.virgin.net /docs/Images Ch40_15.gif
100.12.08 18:21 B C:\Meem\Images\Ch40_67.gif --> upload.virgin.net /docs/Images Ch40_67.gif
100.12.08 18:21 B C:\Meem\Images\Ch41_54.gif --> upload.virgin.net /docs/Images Ch41_54.gif
100.12.08 18:21 B C:\Meem\Images\Ch42_1_4.gif --> upload.virgin.net /docs/Images Ch42_1_4.gif
100.12.08 18:21 B C:\Meem\Images\Ch42_2.gif --> upload.virgin.net /docs/Images Ch42_2.gif
100.12.08 18:21 B C:\Meem\Images\Ch42_52_.gif --> upload.virgin.net /docs/Images Ch42_52_.gif
100.12.08 18:21 B C:\Meem\Images\Ch43_26_.gif --> upload.virgin.net /docs/Images Ch43_26_.gif
100.12.08 18:21 B C:\Meem\Images\Ch4_113.gif --> upload.virgin.net /docs/Images Ch4_113.gif
100.12.08 18:21 B C:\Meem\Images\Ch50_1.gif --> upload.virgin.net /docs/Images Ch50_1.gif
100.12.08 18:21 B C:\Meem\Images\Ch52_28.gif --> upload.virgin.net /docs/Images Ch52_28.gif
100.12.08 18:21 B C:\Meem\Images\Ch55_13.gif --> upload.virgin.net /docs/Images Ch55_13.gif
100.12.08 18:21 B C:\Meem\Images\Ch57_28.gif --> upload.virgin.net /docs/Images Ch57_28.gif
100.12.08 18:21 B C:\Meem\Images\Ch68V1.gif --> upload.virgin.net /docs/Images Ch68V1.gif
100.12.08 18:21 B C:\Meem\Images\Ch6_101.gif --> upload.virgin.net /docs/Images Ch6_101.gif
100.12.08 18:22 B C:\Meem\Images\Ch6_115.gif --> upload.virgin.net /docs/Images Ch6_115.gif
100.12.08 18:22 B C:\Meem\Images\Ch74_3.gif --> upload.virgin.net /docs/Images Ch74_3.gif
100.12.08 18:22 B C:\Meem\Images\Ch74_4.gif --> upload.virgin.net /docs/Images Ch74_4.gif
100.12.08 18:22 B C:\Meem\Images\Ch75_16.gif --> upload.virgin.net /docs/Images Ch75_16.gif
100.12.08 18:22 B C:\Meem\Images\Ch75_2.gif --> upload.virgin.net /docs/Images Ch75_2.gif
100.12.08 18:22 B C:\Meem\Images\Ch7_172.gif --> upload.virgin.net /docs/Images Ch7_172.gif
100.12.08 18:22 B C:\Meem\Images\Ch7_1_2.gif --> upload.virgin.net /docs/Images Ch7_1_2.gif
100.12.08 18:22 B C:\Meem\Images\Ch83_14.gif --> upload.virgin.net /docs/Images Ch83_14.gif
100.12.08 18:22 B C:\Meem\Images\Ch85_14.gif --> upload.virgin.net /docs/Images Ch85_14.gif
100.12.08 18:22 B C:\Meem\Images\Ch87_9.gif --> upload.virgin.net /docs/Images Ch87_9.gif
100.12.08 18:22 B C:\Meem\Images\Ch88_21.gif --> upload.virgin.net /docs/Images Ch88_21.gif
100.12.08 18:22 B C:\Meem\Images\Ch89_27.gif --> upload.virgin.net /docs/Images Ch89_27.gif
100.12.08 18:22 B C:\Meem\Images\Ch94_1.gif --> upload.virgin.net /docs/Images Ch94_1.gif
100.12.08 18:22 B C:\Meem\Images\Ch94_5_.gif --> upload.virgin.net /docs/Images Ch94_5_.gif
100.12.08 18:22 B C:\Meem\Images\Ch96_1.gif --> upload.virgin.net /docs/Images Ch96_1.gif
100.12.08 18:22 B C:\Meem\Images\Ch9_115.gif --> upload.virgin.net /docs/Images Ch9_115.gif
100.12.08 18:22 B C:\Meem\Images\Ch9_80.gif --> upload.virgin.net /docs/Images Ch9_80.gif
100.12.08 18:22 B C:\Meem\Images\Daiem.gif --> upload.virgin.net /docs/Images Daiem.gif
100.12.08 18:22 B C:\Meem\Images\Daraa.gif --> upload.virgin.net /docs/Images Daraa.gif
100.12.08 18:23 B C:\Meem\Images\darood.gif --> upload.virgin.net /docs/Images darood.gif
100.12.08 18:23 B C:\Meem\Images\Deen.gif --> upload.virgin.net /docs/Images Deen.gif
100.12.08 18:23 B C:\Meem\Images\Dhaar.gif --> upload.virgin.net /docs/Images Dhaar.gif
100.12.08 18:23 B C:\Meem\Images\Dhall.gif --> upload.virgin.net /docs/Images Dhall.gif
100.12.08 18:23 B C:\Meem\Images\Dhallal.gif --> upload.virgin.net /docs/Images Dhallal.gif
100.12.08 18:23 B C:\Meem\Images\Dhameer.gif --> upload.virgin.net /docs/Images Dhameer.gif
100.12.08 18:23 B C:\Meem\Images\Dhiya.gif --> upload.virgin.net /docs/Images Dhiya.gif
100.12.08 18:23 B C:\Meem\Images\Dunya.gif --> upload.virgin.net /docs/Images Dunya.gif
100.12.08 18:23 B C:\Meem\Images\Fahm.gif --> upload.virgin.net /docs/Images Fahm.gif
100.12.08 18:23 B C:\Meem\Images\Fajr.gif --> upload.virgin.net /docs/Images Fajr.gif
100.12.08 18:23 B C:\Meem\Images\Fana.gif --> upload.virgin.net /docs/Images Fana.gif
100.12.08 18:23 B C:\Meem\Images\Faqr.gif --> upload.virgin.net /docs/Images Faqr.gif
100.12.08 18:23 B C:\Meem\Images\Fatah.gif --> upload.virgin.net /docs/Images Fatah.gif
100.12.08 18:23 B C:\Meem\Images\Fatiha.gif --> upload.virgin.net /docs/Images Fatiha.gif
100.12.08 18:23 B C:\Meem\Images\Fikkr.gif --> upload.virgin.net /docs/Images Fikkr.gif
100.12.08 18:23 B C:\Meem\Images\Ghafar.gif --> upload.virgin.net /docs/Images Ghafar.gif
100.12.08 18:23 B C:\Meem\Images\Ghauss.gif --> upload.virgin.net /docs/Images Ghauss.gif
100.12.08 18:23 B C:\Meem\Images\Hadee.gif --> upload.virgin.net /docs/Images Hadee.gif
100.12.08 18:23 B C:\Meem\Images\Hakeem.gif --> upload.virgin.net /docs/Images Hakeem.gif
100.12.08 18:23 B C:\Meem\Images\Hamd.gif --> upload.virgin.net /docs/Images Hamd.gif
100.12.08 18:23 B C:\Meem\Images\HaMeem.gif --> upload.virgin.net /docs/Images HaMeem.gif
100.12.08 18:23 B C:\Meem\Images\HaMeem40.gif --> upload.virgin.net /docs/Images HaMeem40.gif
100.12.08 18:23 B C:\Meem\Images\HaMeem41.gif --> upload.virgin.net /docs/Images HaMeem41.gif
100.12.08 18:23 B C:\Meem\Images\HaMeem42.gif --> upload.virgin.net /docs/Images HaMeem42.gif
100.12.08 18:23 B C:\Meem\Images\HaMeem43.gif --> upload.virgin.net /docs/Images HaMeem43.gif
100.12.08 18:23 B C:\Meem\Images\HaMeem45.gif --> upload.virgin.net /docs/Images HaMeem45.gif
100.12.08 18:23 B C:\Meem\Images\Hamza.gif --> upload.virgin.net /docs/Images Hamza.gif
100.12.08 18:23 B C:\Meem\Images\Haraf.gif --> upload.virgin.net /docs/Images Haraf.gif
100.12.08 18:24 B C:\Meem\Images\Hayy.gif --> upload.virgin.net /docs/Images Hayy.gif
100.12.08 18:24 B C:\Meem\Images\Hidayat.gif --> upload.virgin.net /docs/Images Hidayat.gif
100.12.08 18:24 B C:\Meem\Images\Hijaab.gif --> upload.virgin.net /docs/Images Hijaab.gif
100.12.08 18:24 B C:\Meem\Images\Hikmat.gif --> upload.virgin.net /docs/Images Hikmat.gif
100.12.08 18:24 B C:\Meem\Images\Hu.gif --> upload.virgin.net /docs/Images Hu.gif
100.12.08 18:24 B C:\Meem\Images\Hu1.gif --> upload.virgin.net /docs/Images Hu1.gif
100.12.08 18:24 B C:\Meem\Images\Husna.gif --> upload.virgin.net /docs/Images Husna.gif
100.12.08 18:24 B C:\Meem\Images\Ibraheem.gif --> upload.virgin.net /docs/Images Ibraheem.gif
100.12.08 18:24 B C:\Meem\Images\Ibrahim.gif --> upload.virgin.net /docs/Images Ibrahim.gif
100.12.08 18:24 B C:\Meem\Images\Imam.gif --> upload.virgin.net /docs/Images Imam.gif
100.12.08 18:24 B C:\Meem\Images\Iman.gif --> upload.virgin.net /docs/Images Iman.gif
100.12.08 18:24 B C:\Meem\Images\inalilla.gif --> upload.virgin.net /docs/Images inalilla.gif
100.12.08 18:24 B C:\Meem\Images\Insan.gif --> upload.virgin.net /docs/Images Insan.gif
100.12.08 18:24 B C:\Meem\Images\Iqra.gif --> upload.virgin.net /docs/Images Iqra.gif
100.12.08 18:24 B C:\Meem\Images\Isa.gif --> upload.virgin.net /docs/Images Isa.gif
100.12.08 18:24 B C:\Meem\Images\Ishaa.gif --> upload.virgin.net /docs/Images Ishaa.gif
100.12.08 18:24 B C:\Meem\Images\Islam.gif --> upload.virgin.net /docs/Images Islam.gif
100.12.08 18:24 B C:\Meem\Images\islamrng.gif --> upload.virgin.net /docs/Images islamrng.gif
100.12.08 18:24 B C:\Meem\Images\Jamaa.gif --> upload.virgin.net /docs/Images Jamaa.gif
100.12.08 18:24 B C:\Meem\Images\Kaafi.gif --> upload.virgin.net /docs/Images Kaafi.gif
100.12.08 18:24 B C:\Meem\Images\Kareem.gif --> upload.virgin.net /docs/Images Kareem.gif
100.12.08 18:24 B C:\Meem\Images\Khatam.gif --> upload.virgin.net /docs/Images Khatam.gif
100.12.08 18:24 B C:\Meem\Images\Khidr.gif --> upload.virgin.net /docs/Images Khidr.gif
100.12.08 18:24 B C:\Meem\Images\Khyas.gif --> upload.virgin.net /docs/Images Khyas.gif
100.12.08 18:24 B C:\Meem\Images\Kitab.gif --> upload.virgin.net /docs/Images Kitab.gif
100.12.08 18:24 B C:\Meem\Images\Kun.gif --> upload.virgin.net /docs/Images Kun.gif
100.12.08 18:24 B C:\Meem\Images\Lahu.gif --> upload.virgin.net /docs/Images Lahu.gif
100.12.08 18:24 B C:\Meem\Images\Lillah.gif --> upload.virgin.net /docs/Images Lillah.gif
100.12.08 18:25 B C:\Meem\Images\Lisaan.gif --> upload.virgin.net /docs/Images Lisaan.gif
100.12.08 18:25 B C:\Meem\Images\Maa.gif --> upload.virgin.net /docs/Images Maa.gif
100.12.08 18:25 B C:\Meem\Images\Madrass.gif --> upload.virgin.net /docs/Images Madrass.gif
100.12.08 18:25 B C:\Meem\Images\Maghrib.gif --> upload.virgin.net /docs/Images Maghrib.gif
100.12.08 18:25 B C:\Meem\Images\Mahmood.gif --> upload.virgin.net /docs/Images Mahmood.gif
100.12.08 18:25 B C:\Meem\Images\Majmaa.gif --> upload.virgin.net /docs/Images Majmaa.gif
100.12.08 18:25 B C:\Meem\Images\Majmaab.gif --> upload.virgin.net /docs/Images Majmaab.gif
100.12.08 18:25 B C:\Meem\Images\Maryam.gif --> upload.virgin.net /docs/Images Maryam.gif
100.12.08 18:25 B C:\Meem\Images\Mawt.gif --> upload.virgin.net /docs/Images Mawt.gif
100.12.08 18:25 B C:\Meem\Images\Meem3.gif --> upload.virgin.net /docs/Images Meem3.gif
100.12.08 18:25 B C:\Meem\Images\Meemzbr.gif --> upload.virgin.net /docs/Images Meemzbr.gif
100.12.08 18:25 B C:\Meem\Images\Meezan.gif --> upload.virgin.net /docs/Images Meezan.gif
100.12.08 18:25 B C:\Meem\Images\Miftah.gif --> upload.virgin.net /docs/Images Miftah.gif
100.12.08 18:25 B C:\Meem\Images\MMahmood.gif --> upload.virgin.net /docs/Images MMahmood.gif
100.12.08 18:25 B C:\Meem\Images\MmYaMm.gif --> upload.virgin.net /docs/Images MmYaMm.gif
100.12.08 18:25 B C:\Meem\Images\Mubarak.gif --> upload.virgin.net /docs/Images Mubarak.gif
100.12.08 18:25 B C:\Meem\Images\Muhammad.gif --> upload.virgin.net /docs/Images Muhammad.gif
100.12.08 18:25 B C:\Meem\Images\Muheet.gif --> upload.virgin.net /docs/Images Muheet.gif
100.12.08 18:25 B C:\Meem\Images\Muhmmad.gif --> upload.virgin.net /docs/Images Muhmmad.gif
100.12.08 18:25 B C:\Meem\Images\Muqttaat.gif --> upload.virgin.net /docs/Images Muqttaat.gif
100.12.08 18:25 B C:\Meem\Images\Mustafah.gif --> upload.virgin.net /docs/Images Mustafah.gif
100.12.08 18:25 B C:\Meem\Images\mym.gif --> upload.virgin.net /docs/Images mym.gif
100.12.08 18:25 B C:\Meem\Images\MYM_Meem.gif --> upload.virgin.net /docs/Images MYM_Meem.gif
100.12.08 18:25 B C:\Meem\Images\Naar.gif --> upload.virgin.net /docs/Images Naar.gif
100.12.08 18:26 B C:\Meem\Images\Nabiletr.gif --> upload.virgin.net /docs/Images Nabiletr.gif
100.12.08 18:26 B C:\Meem\Images\NnWaNn.gif --> upload.virgin.net /docs/Images NnWaNn.gif
100.12.08 18:26 B C:\Meem\Images\Noor.gif --> upload.virgin.net /docs/Images Noor.gif
100.12.08 18:26 B C:\Meem\Images\Nuh.gif --> upload.virgin.net /docs/Images Nuh.gif
100.12.08 18:26 B C:\Meem\Images\Openbsma.gif --> upload.virgin.net /docs/Images Openbsma.gif
100.12.08 18:26 B C:\Meem\Images\Qadr.gif --> upload.virgin.net /docs/Images Qadr.gif
100.12.08 18:26 B C:\Meem\Images\Qiyamat.gif --> upload.virgin.net /docs/Images Qiyamat.gif
100.12.08 18:26 B C:\Meem\Images\Qlm4850.gif --> upload.virgin.net /docs/Images Qlm4850.gif
100.12.08 18:26 B C:\Meem\Images\Quran.gif --> upload.virgin.net /docs/Images Quran.gif
100.12.08 18:26 B C:\Meem\Images\Rabb.gif --> upload.virgin.net /docs/Images Rabb.gif
100.12.08 18:26 B C:\Meem\Images\Rafi.gif --> upload.virgin.net /docs/Images Rafi.gif
100.12.08 18:26 B C:\Meem\Images\Ramadan.gif --> upload.virgin.net /docs/Images Ramadan.gif
100.12.08 18:26 B C:\Meem\Images\Rasheed.gif --> upload.virgin.net /docs/Images Rasheed.gif
100.12.08 18:26 B C:\Meem\Images\Sabit.gif --> upload.virgin.net /docs/Images Sabit.gif
100.12.08 18:26 B C:\Meem\Images\Sabr.gif --> upload.virgin.net /docs/Images Sabr.gif
100.12.08 18:27 B C:\Meem\Images\Sadiqeen.gif --> upload.virgin.net /docs/Images Sadiqeen.gif
100.12.08 18:27 B C:\Meem\Images\Sadr.gif --> upload.virgin.net /docs/Images Sadr.gif
100.12.08 18:27 B C:\Meem\Images\Salaamun.gif --> upload.virgin.net /docs/Images Salaamun.gif
100.12.08 18:27 B C:\Meem\Images\Samad.gif --> upload.virgin.net /docs/Images Samad.gif
100.12.08 18:27 B C:\Meem\Images\Samar.gif --> upload.virgin.net /docs/Images Samar.gif
100.12.08 18:27 B C:\Meem\Images\Samee.gif --> upload.virgin.net /docs/Images Samee.gif
100.12.08 18:27 B C:\Meem\Images\Sawab.gif --> upload.virgin.net /docs/Images Sawab.gif
100.12.08 18:27 B C:\Meem\Images\Sawm.gif --> upload.virgin.net /docs/Images Sawm.gif
100.12.08 18:27 B C:\Meem\Images\saws.gif --> upload.virgin.net /docs/Images saws.gif
100.12.08 18:27 B C:\Meem\Images\Sirat.gif --> upload.virgin.net /docs/Images Sirat.gif
100.12.08 18:27 B C:\Meem\Images\Sirr.gif --> upload.virgin.net /docs/Images Sirr.gif
100.12.08 18:27 B C:\Meem\Images\Siyaba.gif --> upload.virgin.net /docs/Images Siyaba.gif
100.12.08 18:27 B C:\Meem\Images\Tabaqat.gif --> upload.virgin.net /docs/Images Tabaqat.gif
100.12.08 18:27 B C:\Meem\Images\TaHa.gif --> upload.virgin.net /docs/Images TaHa.gif
100.12.08 18:27 B C:\Meem\Images\Tahhara.gif --> upload.virgin.net /docs/Images Tahhara.gif
100.12.08 18:27 B C:\Meem\Images\Tahlil.gif --> upload.virgin.net /docs/Images Tahlil.gif
100.12.08 18:27 B C:\Meem\Images\Tahlil1.gif --> upload.virgin.net /docs/Images Tahlil1.gif
100.12.08 18:27 B C:\Meem\Images\Taiymum.gif --> upload.virgin.net /docs/Images Taiymum.gif
100.12.08 18:27 B C:\Meem\Images\Talab.gif --> upload.virgin.net /docs/Images Talab.gif
100.12.08 18:27 B C:\Meem\Images\TaSeen.gif --> upload.virgin.net /docs/Images TaSeen.gif
100.12.08 18:27 B C:\Meem\Images\TaSnMm.gif --> upload.virgin.net /docs/Images TaSnMm.gif
100.12.08 18:27 B C:\Meem\Images\Tawba.gif --> upload.virgin.net /docs/Images Tawba.gif
100.12.08 18:27 B C:\Meem\Images\Tayyib.gif --> upload.virgin.net /docs/Images Tayyib.gif
100.12.08 18:27 B C:\Meem\Images\Teen.gif --> upload.virgin.net /docs/Images Teen.gif
100.12.08 18:27 B C:\Meem\Images\Tibb.gif --> upload.virgin.net /docs/Images Tibb.gif
100.12.08 18:28 B C:\Meem\Images\Turab.gif --> upload.virgin.net /docs/Images Turab.gif
100.12.08 18:28 B C:\Meem\Images\Tuwa.gif --> upload.virgin.net /docs/Images Tuwa.gif
100.12.08 18:28 B C:\Meem\Images\Umee.gif --> upload.virgin.net /docs/Images Umee.gif
100.12.08 18:28 B C:\Meem\Images\WaAlfWa.gif --> upload.virgin.net /docs/Images WaAlfWa.gif
100.12.08 18:28 B C:\Meem\Images\Wadood.gif --> upload.virgin.net /docs/Images Wadood.gif
100.12.08 18:28 B C:\Meem\Images\Waqt.gif --> upload.virgin.net /docs/Images Waqt.gif
100.12.08 18:28 B C:\Meem\Images\Waseet.gif --> upload.virgin.net /docs/Images Waseet.gif
100.12.08 18:28 B C:\Meem\Images\Wood.gif --> upload.virgin.net /docs/Images Wood.gif
100.12.08 18:28 B C:\Meem\Images\WS_FTP.LOG --> upload.virgin.net /docs/Images WS_FTP.LOG
100.12.08 18:28 B C:\Meem\Images\YaAlif.gif --> upload.virgin.net /docs/Images YaAlif.gif
100.12.08 18:28 B C:\Meem\Images\Yahya.gif --> upload.virgin.net /docs/Images Yahya.gif
100.12.08 18:28 B C:\Meem\Images\YaSeen.gif --> upload.virgin.net /docs/Images YaSeen.gif
100.12.08 18:28 B C:\Meem\Images\ZaanNoon.gif --> upload.virgin.net /docs/Images ZaanNoon.gif
100.12.08 18:28 B C:\Meem\Images\Zahir.gif --> upload.virgin.net /docs/Images Zahir.gif
100.12.08 18:28 B C:\Meem\Images\Zakkr.gif --> upload.virgin.net /docs/Images Zakkr.gif
100.12.08 18:28 B C:\Meem\Images\Zamzam.gif --> upload.virgin.net /docs/Images Zamzam.gif
100.12.08 18:28 B C:\Meem\Images\Zill.gif --> upload.virgin.net /docs/Images Zill.gif
100.12.08 18:28 B C:\Meem\Images\Zuhr.gif --> upload.virgin.net /docs/Images Zuhr.gif
100.12.08 18:28 B C:\Meem\Images\Zulm.gif --> upload.virgin.net /docs/Images Zulm.gif
100.12.08 18:28 B C:\Meem\Images\Zulmat.gif --> upload.virgin.net /docs/Images Zulmat.gif
100.12.08 18:30 B C:\Meem\Images\BsmAllah.gif --> upload.virgin.net /docs/Images BsmAllah.gif
100.12.08 18:31 B C:\Meem\Images\BsmAllah.gif --> upload.virgin.net /docs/Images BsmAllah.gif
100.12.09 17:40 B C:\Meem\Images\Ch38_75_.gif --> uploads.webspace.swinternet.net /Images Ch38_75_.gif
100.12.09 17:47 B C:\Meem\Images\Ch18_55.gif --> home.freeuk.com /webspace/Images Ch18_55.gif
100.12.09 17:47 B C:\Meem\Images\Ch18_55.gif --> home.freeuk.com /webspace/Images Ch18_55.gif
100.12.09 17:48 B C:\Meem\Images\Ch38_75_.gif --> home.freeuk.com /webspace/Images Ch38_75_.gif
100.12.09 17:49 B C:\Meem\Images\AlManee.gif --> home.freeuk.com /webspace/Images AlManee.gif
100.12.21 18:33 B C:\Meem\Images\AlMughnee.gif --> home.freeuk.com /webspace/Images AlMughnee.gif
100.12.21 18:33 B C:\Meem\Images\Ch24_32.gif --> home.freeuk.com /webspace/Images Ch24_32.gif
100.12.21 18:34 B C:\Meem\Images\Ch9_28.gif --> home.freeuk.com /webspace/Images Ch9_28.gif
101.01.11 19:32 B C:\Meem\Images\AlGhanee.gif --> uploads.webspace.swinternet.net /Images AlGhanee.gif
101.01.11 19:32 B C:\Meem\Images\Ch22_64_.gif --> uploads.webspace.swinternet.net /Images Ch22_64_.gif
101.01.11 19:32 B C:\Meem\Images\Ch29_5_.gif --> uploads.webspace.swinternet.net /Images Ch29_5_.gif
101.01.31 20:53 B C:\Meem\Images\AsSalah.gif --> uploads.webspace.swinternet.net /Images AsSalah.gif
101.01.31 20:53 B C:\Meem\Images\AsSalat.gif --> uploads.webspace.swinternet.net /Images AsSalat.gif
101.01.31 20:53 B C:\Meem\Images\Ch21_106.gif --> uploads.webspace.swinternet.net /Images Ch21_106.gif
101.01.31 20:54 B C:\Meem\Images\Ch33_6.gif --> uploads.webspace.swinternet.net /Images Ch33_6.gif
101.01.31 20:54 B C:\Meem\Images\Ch50_16.gif --> uploads.webspace.swinternet.net /Images Ch50_16.gif
101.01.31 21:21 B C:\Meem\Images\AsSalah.gif --> home.freeuk.com /webspace/Images AsSalah.gif
101.01.31 21:21 B C:\Meem\Images\AsSalat.gif --> home.freeuk.com /webspace/Images AsSalat.gif
101.01.31 21:22 B C:\Meem\Images\Ch21_106.gif --> home.freeuk.com /webspace/Images Ch21_106.gif
101.01.31 21:22 B C:\Meem\Images\Ch33_6.gif --> home.freeuk.com /webspace/Images Ch33_6.gif
101.01.31 21:22 B C:\Meem\Images\Ch50_16.gif --> home.freeuk.com /webspace/Images Ch50_16.gif
101.02.10 18:31 B C:\Meem\Images\Ch3_8_.gif --> home.freeuk.com /webspace/Images Ch3_8_.gif
101.02.10 18:31 B C:\Meem\Images\AlJamee.gif --> home.freeuk.com /webspace/Images AlJamee.gif
101.02.10 18:38 B C:\Meem\Images\AlJamee.gif --> uploads.webspace.swinternet.net /Images AlJamee.gif
101.02.10 18:39 B C:\Meem\Images\Ch3_8_.gif --> uploads.webspace.swinternet.net /Images Ch3_8_.gif
101.02.25 10:29 B C:\Meem\Images\AlMuqsit.gif --> uploads.webspace.swinternet.net /Images AlMuqsit.gif
101.02.25 10:30 B C:\Meem\Images\Ch49_9_.gif --> uploads.webspace.swinternet.net /Images Ch49_9_.gif
101.02.25 10:30 B C:\Meem\Images\Ch5_42.gif --> uploads.webspace.swinternet.net /Images Ch5_42.gif
101.02.25 10:38 B C:\Meem\Images\AlMuqsit.gif --> home.freeuk.com /webspace/Images AlMuqsit.gif
101.02.25 10:38 B C:\Meem\Images\Ch49_9_.gif --> home.freeuk.com /webspace/Images Ch49_9_.gif
101.02.25 10:39 B C:\Meem\Images\Ch5_42.gif --> home.freeuk.com /webspace/Images Ch5_42.gif
101.03.16 21:40 B C:\Meem\Images\Ch55_26_.gif --> uploads.webspace.swinternet.net /Images Ch55_26_.gif
101.03.16 21:40 B C:\Meem\Images\Ch55_78.gif --> uploads.webspace.swinternet.net /Images Ch55_78.gif
101.03.16 21:40 B C:\Meem\Images\Zul_Jalal.gif --> uploads.webspace.swinternet.net /Images Zul_Jalal.gif
101.03.16 21:54 B C:\Meem\Images\Ch55_26_.gif --> home.freeuk.com /webspace/Images Ch55_26_.gif
101.03.16 21:54 B C:\Meem\Images\Ch55_78.gif --> home.freeuk.com /webspace/Images Ch55_78.gif
101.03.16 21:55 B C:\Meem\Images\Zul_Jalal.gif --> home.freeuk.com /webspace/Images Zul_Jalal.gif
101.04.01 10:21 B C:\Meem\Images\Ch20_113_.gif --> home.freeuk.com /webspace/Images Ch20_113_.gif
101.04.01 10:21 B C:\Meem\Images\Ch23_115_.gif --> home.freeuk.com /webspace/Images Ch23_115_.gif
101.04.01 10:22 B C:\Meem\Images\Ch67_1.gif --> home.freeuk.com /webspace/Images Ch67_1.gif
101.04.01 10:22 B C:\Meem\Images\MalikUlMulk.gif --> home.freeuk.com /webspace/Images MalikUlMulk.gif
101.04.01 10:31 B C:\Meem\Images\Ch20_113_.gif --> uploads.webspace.swinternet.net /Images Ch20_113_.gif
101.04.01 10:31 B C:\Meem\Images\Ch23_115_.gif --> uploads.webspace.swinternet.net /Images Ch23_115_.gif
101.04.01 10:31 B C:\Meem\Images\Ch67_1.gif --> uploads.webspace.swinternet.net /Images Ch67_1.gif
101.04.01 10:32 B C:\Meem\Images\MalikUlMulk.gif --> uploads.webspace.swinternet.net /Images MalikUlMulk.gif
2002.05.23 22:35 B D:\Meem_C_Drv\Images\AlHameed.gif --> home.freeuk.com /webspace/Images AlHameed.gif
2002.05.23 22:35 B D:\Meem_C_Drv\Images\Ch4_131.gif --> home.freeuk.com /webspace/Images Ch4_131.gif
2002.06.16 17:13 B D:\Meem_C_Drv\Images\AlWalee.gif --> home.freeuk.com /webspace/Images AlWalee.gif
2002.07.21 08:24 B D:\Meem_C_Drv\Images\Mateen.gif --> home.freeuk.com /webspace/Images Mateen.gif
2002.07.21 08:24 B D:\Meem_C_Drv\Images\Mubeen.gif --> home.freeuk.com /webspace/Images Mubeen.gif
2002.07.21 08:25 B D:\Meem_C_Drv\Images\AlMateen.gif --> home.freeuk.com /webspace/Images AlMateen.gif
2002.08.11 18:35 B D:\Meem_C_Drv\Images\AlQawee.gif --> uploads.webspace.swinternet.net /Images AlQawee.gif
2002.08.11 18:43 B D:\Meem_C_Drv\Images\AlQawee.gif --> home.freeuk.com /webspace/Images AlQawee.gif
